<?xml version="1.0" encoding="utf-8"?><testsuites><testsuite name="pytest" errors="27" failures="64" skipped="0" tests="273" time="18.000" timestamp="2025-05-17T05:23:57.833024-05:00" hostname="PC1337"><testcase classname="tests.test_batch_job" name="test_batch_job_initialization" time="0.008" /><testcase classname="tests.test_batch_job" name="test_batch_job_status_transitions" time="0.005" /><testcase classname="tests.test_batch_job" name="test_batch_job_default_values" time="0.003" /><testcase classname="tests.test_batch_job" name="test_get_status_log_str" time="0.002" /><testcase classname="tests.test_batch_job" name="test_batch_job_token_tracking" time="0.002" /><testcase classname="tests.test_batch_job" name="test_batch_job_with_invalid_file" time="0.001" /><testcase classname="tests.test_batch_job" name="test_update_progress" time="0.003" /><testcase classname="tests.test_batch_job" name="test_get_progress_eta_str" time="0.003" /><testcase classname="tests.test_batch_runner" name="test_run_batch_processing_single_file" time="0.021"><failure message="AttributeError: module 'src' has no attribute 'batch_runner'">mocker = &lt;pytest_mock.plugin.MockerFixture object at 0x0000025615111C10&gt;, mock_args_input_file = &lt;MagicMock id='2570534147360'&gt;
basic_config = {'examples_dir': 'tests/input/examples', 'global_token_limit': 2000000, 'input_splitter_options': {}, 'llm_client_options': {'api_key': 'TEST_KEY'}, ...}

    def test_run_batch_processing_single_file(mocker, mock_args_input_file,
                                              basic_config):
&gt;       mock_process_file = mocker.patch('src.batch_runner.process_file',
                                         return_value=True)

tests\test_batch_runner.py:126: 
_ _ _ _ _ _ _ _ _ _ _ _ _ _ _ _ _ _ _ _ _ _ _ _ _ _ _ _ _ _ _ _ _ _ _ _ _ _ _ _ _ _ _ _ _ _ _ _ _ _ _ _ _ _ _ _ _ _ _ _ _ _ _ _ _ _ _ _ _ _ _ _ _ _ _ _ _ _ _ _ _ _ _ _ _ _ _ _ _ _ _ _ _ _ _ _ _ _ _ _ _ _ _ _ _ _ _ _ _ _ _ _ _ _ _ _ _ _ _ _ _ _ _ _ _ _ _ _ _ _ _ 
C:\Users\afuny\AppData\Roaming\Python\Python312\site-packages\pytest_mock\plugin.py:440: in __call__
    return self._start_patch(
C:\Users\afuny\AppData\Roaming\Python\Python312\site-packages\pytest_mock\plugin.py:258: in _start_patch
    mocked: MockType = p.start()
C:\Python312\Lib\unittest\mock.py:1624: in start
    result = self.__enter__()
C:\Python312\Lib\unittest\mock.py:1451: in __enter__
    self.target = self.getter()
_ _ _ _ _ _ _ _ _ _ _ _ _ _ _ _ _ _ _ _ _ _ _ _ _ _ _ _ _ _ _ _ _ _ _ _ _ _ _ _ _ _ _ _ _ _ _ _ _ _ _ _ _ _ _ _ _ _ _ _ _ _ _ _ _ _ _ _ _ _ _ _ _ _ _ _ _ _ _ _ _ _ _ _ _ _ _ _ _ _ _ _ _ _ _ _ _ _ _ _ _ _ _ _ _ _ _ _ _ _ _ _ _ _ _ _ _ _ _ _ _ _ _ _ _ _ _ _ _ _ _ 

name = 'src.batch_runner'

    def resolve_name(name):
        """
        Resolve a name to an object.
    
        It is expected that `name` will be a string in one of the following
        formats, where W is shorthand for a valid Python identifier and dot stands
        for a literal period in these pseudo-regexes:
    
        W(.W)*
        W(.W)*:(W(.W)*)?
    
        The first form is intended for backward compatibility only. It assumes that
        some part of the dotted name is a package, and the rest is an object
        somewhere within that package, possibly nested inside other objects.
        Because the place where the package stops and the object hierarchy starts
        can't be inferred by inspection, repeated attempts to import must be done
        with this form.
    
        In the second form, the caller makes the division point clear through the
        provision of a single colon: the dotted name to the left of the colon is a
        package to be imported, and the dotted name to the right is the object
        hierarchy within that package. Only one import is needed in this form. If
        it ends with the colon, then a module object is returned.
    
        The function will return an object (which might be a module), or raise one
        of the following exceptions:
    
        ValueError - if `name` isn't in a recognised format
        ImportError - if an import failed when it shouldn't have
        AttributeError - if a failure occurred when traversing the object hierarchy
                        within the imported package to get to the desired object.
        """
        global _NAME_PATTERN
        if _NAME_PATTERN is None:
            # Lazy import to speedup Python startup time
            import re
            dotted_words = r'(?!\d)(\w+)(\.(?!\d)(\w+))*'
            _NAME_PATTERN = re.compile(f'^(?P&lt;pkg&gt;{dotted_words})'
                                       f'(?P&lt;cln&gt;:(?P&lt;obj&gt;{dotted_words})?)?$',
                                       re.UNICODE)
    
        m = _NAME_PATTERN.match(name)
        if not m:
            raise ValueError(f'invalid format: {name!r}')
        gd = m.groupdict()
        if gd.get('cln'):
            # there is a colon - a one-step import is all that's needed
            mod = importlib.import_module(gd['pkg'])
            parts = gd.get('obj')
            parts = parts.split('.') if parts else []
        else:
            # no colon - have to iterate to find the package boundary
            parts = name.split('.')
            modname = parts.pop(0)
            # first part *must* be a module/package.
            mod = importlib.import_module(modname)
            while parts:
                p = parts[0]
                s = f'{modname}.{p}'
                try:
                    mod = importlib.import_module(s)
                    parts.pop(0)
                    modname = s
                except ImportError:
                    break
        # if we reach this point, mod is the module, already imported, and
        # parts is the list of parts in the object hierarchy to be traversed, or
        # an empty list if just the module is wanted.
        result = mod
        for p in parts:
&gt;           result = getattr(result, p)
E           AttributeError: module 'src' has no attribute 'batch_runner'

C:\Python312\Lib\pkgutil.py:528: AttributeError</failure></testcase><testcase classname="tests.test_batch_runner" name="test_run_batch_processing_input_dir" time="0.008"><failure message="AttributeError: module 'src' has no attribute 'batch_runner'">mocker = &lt;pytest_mock.plugin.MockerFixture object at 0x000002561518CE60&gt;, mock_args_input_dir = &lt;MagicMock id='2568744392064'&gt;
basic_config = {'examples_dir': 'tests/input/examples', 'global_token_limit': 2000000, 'input_splitter_options': {}, 'llm_client_options': {'api_key': 'TEST_KEY'}, ...}

    def test_run_batch_processing_input_dir(mocker, mock_args_input_dir,
                                            basic_config):
&gt;       mock_process_file = mocker.patch('src.batch_runner.process_file',
                                        return_value=True)

tests\test_batch_runner.py:140: 
_ _ _ _ _ _ _ _ _ _ _ _ _ _ _ _ _ _ _ _ _ _ _ _ _ _ _ _ _ _ _ _ _ _ _ _ _ _ _ _ _ _ _ _ _ _ _ _ _ _ _ _ _ _ _ _ _ _ _ _ _ _ _ _ _ _ _ _ _ _ _ _ _ _ _ _ _ _ _ _ _ _ _ _ _ _ _ _ _ _ _ _ _ _ _ _ _ _ _ _ _ _ _ _ _ _ _ _ _ _ _ _ _ _ _ _ _ _ _ _ _ _ _ _ _ _ _ _ _ _ _ 
C:\Users\afuny\AppData\Roaming\Python\Python312\site-packages\pytest_mock\plugin.py:440: in __call__
    return self._start_patch(
C:\Users\afuny\AppData\Roaming\Python\Python312\site-packages\pytest_mock\plugin.py:258: in _start_patch
    mocked: MockType = p.start()
C:\Python312\Lib\unittest\mock.py:1624: in start
    result = self.__enter__()
C:\Python312\Lib\unittest\mock.py:1451: in __enter__
    self.target = self.getter()
_ _ _ _ _ _ _ _ _ _ _ _ _ _ _ _ _ _ _ _ _ _ _ _ _ _ _ _ _ _ _ _ _ _ _ _ _ _ _ _ _ _ _ _ _ _ _ _ _ _ _ _ _ _ _ _ _ _ _ _ _ _ _ _ _ _ _ _ _ _ _ _ _ _ _ _ _ _ _ _ _ _ _ _ _ _ _ _ _ _ _ _ _ _ _ _ _ _ _ _ _ _ _ _ _ _ _ _ _ _ _ _ _ _ _ _ _ _ _ _ _ _ _ _ _ _ _ _ _ _ _ 

name = 'src.batch_runner'

    def resolve_name(name):
        """
        Resolve a name to an object.
    
        It is expected that `name` will be a string in one of the following
        formats, where W is shorthand for a valid Python identifier and dot stands
        for a literal period in these pseudo-regexes:
    
        W(.W)*
        W(.W)*:(W(.W)*)?
    
        The first form is intended for backward compatibility only. It assumes that
        some part of the dotted name is a package, and the rest is an object
        somewhere within that package, possibly nested inside other objects.
        Because the place where the package stops and the object hierarchy starts
        can't be inferred by inspection, repeated attempts to import must be done
        with this form.
    
        In the second form, the caller makes the division point clear through the
        provision of a single colon: the dotted name to the left of the colon is a
        package to be imported, and the dotted name to the right is the object
        hierarchy within that package. Only one import is needed in this form. If
        it ends with the colon, then a module object is returned.
    
        The function will return an object (which might be a module), or raise one
        of the following exceptions:
    
        ValueError - if `name` isn't in a recognised format
        ImportError - if an import failed when it shouldn't have
        AttributeError - if a failure occurred when traversing the object hierarchy
                         within the imported package to get to the desired object.
        """
        global _NAME_PATTERN
        if _NAME_PATTERN is None:
            # Lazy import to speedup Python startup time
            import re
            dotted_words = r'(?!\d)(\w+)(\.(?!\d)(\w+))*'
            _NAME_PATTERN = re.compile(f'^(?P&lt;pkg&gt;{dotted_words})'
                                       f'(?P&lt;cln&gt;:(?P&lt;obj&gt;{dotted_words})?)?$',
                                       re.UNICODE)
    
        m = _NAME_PATTERN.match(name)
        if not m:
            raise ValueError(f'invalid format: {name!r}')
        gd = m.groupdict()
        if gd.get('cln'):
            # there is a colon - a one-step import is all that's needed
            mod = importlib.import_module(gd['pkg'])
            parts = gd.get('obj')
            parts = parts.split('.') if parts else []
        else:
            # no colon - have to iterate to find the package boundary
            parts = name.split('.')
            modname = parts.pop(0)
            # first part *must* be a module/package.
            mod = importlib.import_module(modname)
            while parts:
                p = parts[0]
                s = f'{modname}.{p}'
                try:
                    mod = importlib.import_module(s)
                    parts.pop(0)
                    modname = s
                except ImportError:
                    break
        # if we reach this point, mod is the module, already imported, and
        # parts is the list of parts in the object hierarchy to be traversed, or
        # an empty list if just the module is wanted.
        result = mod
        for p in parts:
&gt;           result = getattr(result, p)
E           AttributeError: module 'src' has no attribute 'batch_runner'

C:\Python312\Lib\pkgutil.py:528: AttributeError</failure></testcase><testcase classname="tests.test_batch_runner" name="test_process_file" time="0.006"><failure message="AttributeError: module 'src' has no attribute 'batch_runner'">mocker = &lt;pytest_mock.plugin.MockerFixture object at 0x000002561518DCD0&gt;, mock_args_input_file = &lt;MagicMock id='2568744395376'&gt;
basic_config = {'examples_dir': 'tests/input/examples', 'global_token_limit': 2000000, 'input_splitter_options': {}, 'llm_client_options': {'api_key': 'TEST_KEY'}, ...}

    def test_process_file(mocker, mock_args_input_file, basic_config):
&gt;       mock_file_wrapper = mocker.patch('src.batch_runner.process_file_wrapper',
                                        return_value=True)

tests\test_batch_runner.py:157: 
_ _ _ _ _ _ _ _ _ _ _ _ _ _ _ _ _ _ _ _ _ _ _ _ _ _ _ _ _ _ _ _ _ _ _ _ _ _ _ _ _ _ _ _ _ _ _ _ _ _ _ _ _ _ _ _ _ _ _ _ _ _ _ _ _ _ _ _ _ _ _ _ _ _ _ _ _ _ _ _ _ _ _ _ _ _ _ _ _ _ _ _ _ _ _ _ _ _ _ _ _ _ _ _ _ _ _ _ _ _ _ _ _ _ _ _ _ _ _ _ _ _ _ _ _ _ _ _ _ _ _ 
C:\Users\afuny\AppData\Roaming\Python\Python312\site-packages\pytest_mock\plugin.py:440: in __call__
    return self._start_patch(
C:\Users\afuny\AppData\Roaming\Python\Python312\site-packages\pytest_mock\plugin.py:258: in _start_patch
    mocked: MockType = p.start()
C:\Python312\Lib\unittest\mock.py:1624: in start
    result = self.__enter__()
C:\Python312\Lib\unittest\mock.py:1451: in __enter__
    self.target = self.getter()
_ _ _ _ _ _ _ _ _ _ _ _ _ _ _ _ _ _ _ _ _ _ _ _ _ _ _ _ _ _ _ _ _ _ _ _ _ _ _ _ _ _ _ _ _ _ _ _ _ _ _ _ _ _ _ _ _ _ _ _ _ _ _ _ _ _ _ _ _ _ _ _ _ _ _ _ _ _ _ _ _ _ _ _ _ _ _ _ _ _ _ _ _ _ _ _ _ _ _ _ _ _ _ _ _ _ _ _ _ _ _ _ _ _ _ _ _ _ _ _ _ _ _ _ _ _ _ _ _ _ _ 

name = 'src.batch_runner'

    def resolve_name(name):
        """
        Resolve a name to an object.
    
        It is expected that `name` will be a string in one of the following
        formats, where W is shorthand for a valid Python identifier and dot stands
        for a literal period in these pseudo-regexes:
    
        W(.W)*
        W(.W)*:(W(.W)*)?
    
        The first form is intended for backward compatibility only. It assumes that
        some part of the dotted name is a package, and the rest is an object
        somewhere within that package, possibly nested inside other objects.
        Because the place where the package stops and the object hierarchy starts
        can't be inferred by inspection, repeated attempts to import must be done
        with this form.
    
        In the second form, the caller makes the division point clear through the
        provision of a single colon: the dotted name to the left of the colon is a
        package to be imported, and the dotted name to the right is the object
        hierarchy within that package. Only one import is needed in this form. If
        it ends with the colon, then a module object is returned.
    
        The function will return an object (which might be a module), or raise one
        of the following exceptions:
    
        ValueError - if `name` isn't in a recognised format
        ImportError - if an import failed when it shouldn't have
        AttributeError - if a failure occurred when traversing the object hierarchy
                         within the imported package to get to the desired object.
        """
        global _NAME_PATTERN
        if _NAME_PATTERN is None:
            # Lazy import to speedup Python startup time
            import re
            dotted_words = r'(?!\d)(\w+)(\.(?!\d)(\w+))*'
            _NAME_PATTERN = re.compile(f'^(?P&lt;pkg&gt;{dotted_words})'
                                       f'(?P&lt;cln&gt;:(?P&lt;obj&gt;{dotted_words})?)?$',
                                       re.UNICODE)
    
        m = _NAME_PATTERN.match(name)
        if not m:
            raise ValueError(f'invalid format: {name!r}')
        gd = m.groupdict()
        if gd.get('cln'):
            # there is a colon - a one-step import is all that's needed
            mod = importlib.import_module(gd['pkg'])
            parts = gd.get('obj')
            parts = parts.split('.') if parts else []
        else:
            # no colon - have to iterate to find the package boundary
            parts = name.split('.')
            modname = parts.pop(0)
            # first part *must* be a module/package.
            mod = importlib.import_module(modname)
            while parts:
                p = parts[0]
                s = f'{modname}.{p}'
                try:
                    mod = importlib.import_module(s)
                    parts.pop(0)
                    modname = s
                except ImportError:
                    break
        # if we reach this point, mod is the module, already imported, and
        # parts is the list of parts in the object hierarchy to be traversed, or
        # an empty list if just the module is wanted.
        result = mod
        for p in parts:
&gt;           result = getattr(result, p)
E           AttributeError: module 'src' has no attribute 'batch_runner'

C:\Python312\Lib\pkgutil.py:528: AttributeError</failure></testcase><testcase classname="tests.test_batch_runner" name="test_run_count_mode_single_file" time="0.007"><failure message="AttributeError: module 'src' has no attribute 'batch_runner'">mocker = &lt;pytest_mock.plugin.MockerFixture object at 0x0000025615110E00&gt;, mock_args_input_file = &lt;MagicMock id='2568743887040'&gt;
basic_config = {'examples_dir': 'tests/input/examples', 'global_token_limit': 2000000, 'input_splitter_options': {}, 'llm_client_options': {'api_key': 'TEST_KEY'}, ...}

    def test_run_count_mode_single_file(mocker, mock_args_input_file,
                                        basic_config):
        mock_args_input_file.mode = 'count'
        # Create a consistent DataFrame for testing
        test_df = pd.DataFrame([{'text': 'sample data'}])
&gt;       mocker.patch('src.batch_runner.load_data', return_value=test_df)

tests\test_batch_runner.py:188: 
_ _ _ _ _ _ _ _ _ _ _ _ _ _ _ _ _ _ _ _ _ _ _ _ _ _ _ _ _ _ _ _ _ _ _ _ _ _ _ _ _ _ _ _ _ _ _ _ _ _ _ _ _ _ _ _ _ _ _ _ _ _ _ _ _ _ _ _ _ _ _ _ _ _ _ _ _ _ _ _ _ _ _ _ _ _ _ _ _ _ _ _ _ _ _ _ _ _ _ _ _ _ _ _ _ _ _ _ _ _ _ _ _ _ _ _ _ _ _ _ _ _ _ _ _ _ _ _ _ _ _ 
C:\Users\afuny\AppData\Roaming\Python\Python312\site-packages\pytest_mock\plugin.py:440: in __call__
    return self._start_patch(
C:\Users\afuny\AppData\Roaming\Python\Python312\site-packages\pytest_mock\plugin.py:258: in _start_patch
    mocked: MockType = p.start()
C:\Python312\Lib\unittest\mock.py:1624: in start
    result = self.__enter__()
C:\Python312\Lib\unittest\mock.py:1451: in __enter__
    self.target = self.getter()
_ _ _ _ _ _ _ _ _ _ _ _ _ _ _ _ _ _ _ _ _ _ _ _ _ _ _ _ _ _ _ _ _ _ _ _ _ _ _ _ _ _ _ _ _ _ _ _ _ _ _ _ _ _ _ _ _ _ _ _ _ _ _ _ _ _ _ _ _ _ _ _ _ _ _ _ _ _ _ _ _ _ _ _ _ _ _ _ _ _ _ _ _ _ _ _ _ _ _ _ _ _ _ _ _ _ _ _ _ _ _ _ _ _ _ _ _ _ _ _ _ _ _ _ _ _ _ _ _ _ _ 

name = 'src.batch_runner'

    def resolve_name(name):
        """
        Resolve a name to an object.
    
        It is expected that `name` will be a string in one of the following
        formats, where W is shorthand for a valid Python identifier and dot stands
        for a literal period in these pseudo-regexes:
    
        W(.W)*
        W(.W)*:(W(.W)*)?
    
        The first form is intended for backward compatibility only. It assumes that
        some part of the dotted name is a package, and the rest is an object
        somewhere within that package, possibly nested inside other objects.
        Because the place where the package stops and the object hierarchy starts
        can't be inferred by inspection, repeated attempts to import must be done
        with this form.
    
        In the second form, the caller makes the division point clear through the
        provision of a single colon: the dotted name to the left of the colon is a
        package to be imported, and the dotted name to the right is the object
        hierarchy within that package. Only one import is needed in this form. If
        it ends with the colon, then a module object is returned.
    
        The function will return an object (which might be a module), or raise one
        of the following exceptions:
    
        ValueError - if `name` isn't in a recognised format
        ImportError - if an import failed when it shouldn't have
        AttributeError - if a failure occurred when traversing the object hierarchy
                         within the imported package to get to the desired object.
        """
        global _NAME_PATTERN
        if _NAME_PATTERN is None:
            # Lazy import to speedup Python startup time
            import re
            dotted_words = r'(?!\d)(\w+)(\.(?!\d)(\w+))*'
            _NAME_PATTERN = re.compile(f'^(?P&lt;pkg&gt;{dotted_words})'
                                       f'(?P&lt;cln&gt;:(?P&lt;obj&gt;{dotted_words})?)?$',
                                       re.UNICODE)
    
        m = _NAME_PATTERN.match(name)
        if not m:
            raise ValueError(f'invalid format: {name!r}')
        gd = m.groupdict()
        if gd.get('cln'):
            # there is a colon - a one-step import is all that's needed
            mod = importlib.import_module(gd['pkg'])
            parts = gd.get('obj')
            parts = parts.split('.') if parts else []
        else:
            # no colon - have to iterate to find the package boundary
            parts = name.split('.')
            modname = parts.pop(0)
            # first part *must* be a module/package.
            mod = importlib.import_module(modname)
            while parts:
                p = parts[0]
                s = f'{modname}.{p}'
                try:
                    mod = importlib.import_module(s)
                    parts.pop(0)
                    modname = s
                except ImportError:
                    break
        # if we reach this point, mod is the module, already imported, and
        # parts is the list of parts in the object hierarchy to be traversed, or
        # an empty list if just the module is wanted.
        result = mod
        for p in parts:
&gt;           result = getattr(result, p)
E           AttributeError: module 'src' has no attribute 'batch_runner'

C:\Python312\Lib\pkgutil.py:528: AttributeError</failure></testcase><testcase classname="tests.test_batch_runner" name="test_run_split_mode_single_file" time="0.006"><failure message="AttributeError: module 'src' has no attribute 'batch_runner'">mocker = &lt;pytest_mock.plugin.MockerFixture object at 0x000002561518CEF0&gt;, mock_args_input_file = &lt;MagicMock id='2568744389472'&gt;
basic_config = {'examples_dir': 'tests/input/examples', 'global_token_limit': 2000000, 'input_splitter_options': {}, 'llm_client_options': {'api_key': 'TEST_KEY'}, ...}

    def test_run_split_mode_single_file(mocker, mock_args_input_file,
                                        basic_config):
        """Test split mode with a single input file."""
        # Mock the split_file_by_token_limit function
&gt;       mock_split = mocker.patch('src.batch_runner.split_file_by_token_limit')

tests\test_batch_runner.py:223: 
_ _ _ _ _ _ _ _ _ _ _ _ _ _ _ _ _ _ _ _ _ _ _ _ _ _ _ _ _ _ _ _ _ _ _ _ _ _ _ _ _ _ _ _ _ _ _ _ _ _ _ _ _ _ _ _ _ _ _ _ _ _ _ _ _ _ _ _ _ _ _ _ _ _ _ _ _ _ _ _ _ _ _ _ _ _ _ _ _ _ _ _ _ _ _ _ _ _ _ _ _ _ _ _ _ _ _ _ _ _ _ _ _ _ _ _ _ _ _ _ _ _ _ _ _ _ _ _ _ _ _ 
C:\Users\afuny\AppData\Roaming\Python\Python312\site-packages\pytest_mock\plugin.py:440: in __call__
    return self._start_patch(
C:\Users\afuny\AppData\Roaming\Python\Python312\site-packages\pytest_mock\plugin.py:258: in _start_patch
    mocked: MockType = p.start()
C:\Python312\Lib\unittest\mock.py:1624: in start
    result = self.__enter__()
C:\Python312\Lib\unittest\mock.py:1451: in __enter__
    self.target = self.getter()
_ _ _ _ _ _ _ _ _ _ _ _ _ _ _ _ _ _ _ _ _ _ _ _ _ _ _ _ _ _ _ _ _ _ _ _ _ _ _ _ _ _ _ _ _ _ _ _ _ _ _ _ _ _ _ _ _ _ _ _ _ _ _ _ _ _ _ _ _ _ _ _ _ _ _ _ _ _ _ _ _ _ _ _ _ _ _ _ _ _ _ _ _ _ _ _ _ _ _ _ _ _ _ _ _ _ _ _ _ _ _ _ _ _ _ _ _ _ _ _ _ _ _ _ _ _ _ _ _ _ _ 

name = 'src.batch_runner'

    def resolve_name(name):
        """
        Resolve a name to an object.
    
        It is expected that `name` will be a string in one of the following
        formats, where W is shorthand for a valid Python identifier and dot stands
        for a literal period in these pseudo-regexes:
    
        W(.W)*
        W(.W)*:(W(.W)*)?
    
        The first form is intended for backward compatibility only. It assumes that
        some part of the dotted name is a package, and the rest is an object
        somewhere within that package, possibly nested inside other objects.
        Because the place where the package stops and the object hierarchy starts
        can't be inferred by inspection, repeated attempts to import must be done
        with this form.
    
        In the second form, the caller makes the division point clear through the
        provision of a single colon: the dotted name to the left of the colon is a
        package to be imported, and the dotted name to the right is the object
        hierarchy within that package. Only one import is needed in this form. If
        it ends with the colon, then a module object is returned.
    
        The function will return an object (which might be a module), or raise one
        of the following exceptions:
    
        ValueError - if `name` isn't in a recognised format
        ImportError - if an import failed when it shouldn't have
        AttributeError - if a failure occurred when traversing the object hierarchy
                         within the imported package to get to the desired object.
        """
        global _NAME_PATTERN
        if _NAME_PATTERN is None:
            # Lazy import to speedup Python startup time
            import re
            dotted_words = r'(?!\d)(\w+)(\.(?!\d)(\w+))*'
            _NAME_PATTERN = re.compile(f'^(?P&lt;pkg&gt;{dotted_words})'
                                       f'(?P&lt;cln&gt;:(?P&lt;obj&gt;{dotted_words})?)?$',
                                       re.UNICODE)
    
        m = _NAME_PATTERN.match(name)
        if not m:
            raise ValueError(f'invalid format: {name!r}')
        gd = m.groupdict()
        if gd.get('cln'):
            # there is a colon - a one-step import is all that's needed
            mod = importlib.import_module(gd['pkg'])
            parts = gd.get('obj')
            parts = parts.split('.') if parts else []
        else:
            # no colon - have to iterate to find the package boundary
            parts = name.split('.')
            modname = parts.pop(0)
            # first part *must* be a module/package.
            mod = importlib.import_module(modname)
            while parts:
                p = parts[0]
                s = f'{modname}.{p}'
                try:
                    mod = importlib.import_module(s)
                    parts.pop(0)
                    modname = s
                except ImportError:
                    break
        # if we reach this point, mod is the module, already imported, and
        # parts is the list of parts in the object hierarchy to be traversed, or
        # an empty list if just the module is wanted.
        result = mod
        for p in parts:
&gt;           result = getattr(result, p)
E           AttributeError: module 'src' has no attribute 'batch_runner'

C:\Python312\Lib\pkgutil.py:528: AttributeError</failure></testcase><testcase classname="tests.test_batch_runner" name="test_process_file_error_handling" time="0.011"><failure message="AttributeError: module 'src' has no attribute 'batch_runner'">mocker = &lt;pytest_mock.plugin.MockerFixture object at 0x00000256151AEF30&gt;, mock_args_input_file = &lt;MagicMock id='2568744519872'&gt;
basic_config = {'examples_dir': 'tests/input/examples', 'global_token_limit': 2000000, 'input_splitter_options': {}, 'llm_client_options': {'api_key': 'TEST_KEY'}, ...}

    def test_process_file_error_handling(mocker, mock_args_input_file,
                                         basic_config):
        """Test error handling in process_file function."""
        # Test FileNotFoundError
        mocker.patch('pathlib.Path.exists', return_value=False)
        result = process_file(str(mock_args_input_file.input_file),
                              str(mock_args_input_file.output_dir), basic_config)
        assert result is False
    
        # Test ValueError
        mocker.patch('pathlib.Path.exists', return_value=True)
&gt;       mocker.patch('src.batch_runner.load_system_prompt',
                     side_effect=ValueError("Invalid prompt"))

tests\test_batch_runner.py:254: 
_ _ _ _ _ _ _ _ _ _ _ _ _ _ _ _ _ _ _ _ _ _ _ _ _ _ _ _ _ _ _ _ _ _ _ _ _ _ _ _ _ _ _ _ _ _ _ _ _ _ _ _ _ _ _ _ _ _ _ _ _ _ _ _ _ _ _ _ _ _ _ _ _ _ _ _ _ _ _ _ _ _ _ _ _ _ _ _ _ _ _ _ _ _ _ _ _ _ _ _ _ _ _ _ _ _ _ _ _ _ _ _ _ _ _ _ _ _ _ _ _ _ _ _ _ _ _ _ _ _ _ 
C:\Users\afuny\AppData\Roaming\Python\Python312\site-packages\pytest_mock\plugin.py:440: in __call__
    return self._start_patch(
C:\Users\afuny\AppData\Roaming\Python\Python312\site-packages\pytest_mock\plugin.py:258: in _start_patch
    mocked: MockType = p.start()
C:\Python312\Lib\unittest\mock.py:1624: in start
    result = self.__enter__()
C:\Python312\Lib\unittest\mock.py:1451: in __enter__
    self.target = self.getter()
_ _ _ _ _ _ _ _ _ _ _ _ _ _ _ _ _ _ _ _ _ _ _ _ _ _ _ _ _ _ _ _ _ _ _ _ _ _ _ _ _ _ _ _ _ _ _ _ _ _ _ _ _ _ _ _ _ _ _ _ _ _ _ _ _ _ _ _ _ _ _ _ _ _ _ _ _ _ _ _ _ _ _ _ _ _ _ _ _ _ _ _ _ _ _ _ _ _ _ _ _ _ _ _ _ _ _ _ _ _ _ _ _ _ _ _ _ _ _ _ _ _ _ _ _ _ _ _ _ _ _ 

name = 'src.batch_runner'

    def resolve_name(name):
        """
        Resolve a name to an object.
    
        It is expected that `name` will be a string in one of the following
        formats, where W is shorthand for a valid Python identifier and dot stands
        for a literal period in these pseudo-regexes:
    
        W(.W)*
        W(.W)*:(W(.W)*)?
    
        The first form is intended for backward compatibility only. It assumes that
        some part of the dotted name is a package, and the rest is an object
        somewhere within that package, possibly nested inside other objects.
        Because the place where the package stops and the object hierarchy starts
        can't be inferred by inspection, repeated attempts to import must be done
        with this form.
    
        In the second form, the caller makes the division point clear through the
        provision of a single colon: the dotted name to the left of the colon is a
        package to be imported, and the dotted name to the right is the object
        hierarchy within that package. Only one import is needed in this form. If
        it ends with the colon, then a module object is returned.
    
        The function will return an object (which might be a module), or raise one
        of the following exceptions:
    
        ValueError - if `name` isn't in a recognised format
        ImportError - if an import failed when it shouldn't have
        AttributeError - if a failure occurred when traversing the object hierarchy
                         within the imported package to get to the desired object.
        """
        global _NAME_PATTERN
        if _NAME_PATTERN is None:
            # Lazy import to speedup Python startup time
            import re
            dotted_words = r'(?!\d)(\w+)(\.(?!\d)(\w+))*'
            _NAME_PATTERN = re.compile(f'^(?P&lt;pkg&gt;{dotted_words})'
                                       f'(?P&lt;cln&gt;:(?P&lt;obj&gt;{dotted_words})?)?$',
                                       re.UNICODE)
    
        m = _NAME_PATTERN.match(name)
        if not m:
            raise ValueError(f'invalid format: {name!r}')
        gd = m.groupdict()
        if gd.get('cln'):
            # there is a colon - a one-step import is all that's needed
            mod = importlib.import_module(gd['pkg'])
            parts = gd.get('obj')
            parts = parts.split('.') if parts else []
        else:
            # no colon - have to iterate to find the package boundary
            parts = name.split('.')
            modname = parts.pop(0)
            # first part *must* be a module/package.
            mod = importlib.import_module(modname)
            while parts:
                p = parts[0]
                s = f'{modname}.{p}'
                try:
                    mod = importlib.import_module(s)
                    parts.pop(0)
                    modname = s
                except ImportError:
                    break
        # if we reach this point, mod is the module, already imported, and
        # parts is the list of parts in the object hierarchy to be traversed, or
        # an empty list if just the module is wanted.
        result = mod
        for p in parts:
&gt;           result = getattr(result, p)
E           AttributeError: module 'src' has no attribute 'batch_runner'

C:\Python312\Lib\pkgutil.py:528: AttributeError</failure></testcase><testcase classname="tests.test_batch_runner" name="test_token_cost_stats" time="0.002"><failure message="AttributeError: module 'src' has no attribute 'batch_runner'">mocker = &lt;pytest_mock.plugin.MockerFixture object at 0x000002561518CD70&gt;, basic_config = {'examples_dir': 'tests/input/examples', 'global_token_limit': 2000000, 'input_splitter_options': {}, 'llm_client_options': {'api_key': 'TEST_KEY'}, ...}

    def test_token_cost_stats(mocker, basic_config):
        """Test token cost statistics functions."""
        # Mock LLMClient
        mock_llm = MagicMock()
        mock_llm.api_key = "test_key"
&gt;       mocker.patch('src.batch_runner.LLMClient', return_value=mock_llm)

tests\test_batch_runner.py:273: 
_ _ _ _ _ _ _ _ _ _ _ _ _ _ _ _ _ _ _ _ _ _ _ _ _ _ _ _ _ _ _ _ _ _ _ _ _ _ _ _ _ _ _ _ _ _ _ _ _ _ _ _ _ _ _ _ _ _ _ _ _ _ _ _ _ _ _ _ _ _ _ _ _ _ _ _ _ _ _ _ _ _ _ _ _ _ _ _ _ _ _ _ _ _ _ _ _ _ _ _ _ _ _ _ _ _ _ _ _ _ _ _ _ _ _ _ _ _ _ _ _ _ _ _ _ _ _ _ _ _ _ 
C:\Users\afuny\AppData\Roaming\Python\Python312\site-packages\pytest_mock\plugin.py:440: in __call__
    return self._start_patch(
C:\Users\afuny\AppData\Roaming\Python\Python312\site-packages\pytest_mock\plugin.py:258: in _start_patch
    mocked: MockType = p.start()
C:\Python312\Lib\unittest\mock.py:1624: in start
    result = self.__enter__()
C:\Python312\Lib\unittest\mock.py:1451: in __enter__
    self.target = self.getter()
_ _ _ _ _ _ _ _ _ _ _ _ _ _ _ _ _ _ _ _ _ _ _ _ _ _ _ _ _ _ _ _ _ _ _ _ _ _ _ _ _ _ _ _ _ _ _ _ _ _ _ _ _ _ _ _ _ _ _ _ _ _ _ _ _ _ _ _ _ _ _ _ _ _ _ _ _ _ _ _ _ _ _ _ _ _ _ _ _ _ _ _ _ _ _ _ _ _ _ _ _ _ _ _ _ _ _ _ _ _ _ _ _ _ _ _ _ _ _ _ _ _ _ _ _ _ _ _ _ _ _ 

name = 'src.batch_runner'

    def resolve_name(name):
        """
        Resolve a name to an object.
    
        It is expected that `name` will be a string in one of the following
        formats, where W is shorthand for a valid Python identifier and dot stands
        for a literal period in these pseudo-regexes:
    
        W(.W)*
        W(.W)*:(W(.W)*)?
    
        The first form is intended for backward compatibility only. It assumes that
        some part of the dotted name is a package, and the rest is an object
        somewhere within that package, possibly nested inside other objects.
        Because the place where the package stops and the object hierarchy starts
        can't be inferred by inspection, repeated attempts to import must be done
        with this form.
    
        In the second form, the caller makes the division point clear through the
        provision of a single colon: the dotted name to the left of the colon is a
        package to be imported, and the dotted name to the right is the object
        hierarchy within that package. Only one import is needed in this form. If
        it ends with the colon, then a module object is returned.
    
        The function will return an object (which might be a module), or raise one
        of the following exceptions:
    
        ValueError - if `name` isn't in a recognised format
        ImportError - if an import failed when it shouldn't have
        AttributeError - if a failure occurred when traversing the object hierarchy
                         within the imported package to get to the desired object.
        """
        global _NAME_PATTERN
        if _NAME_PATTERN is None:
            # Lazy import to speedup Python startup time
            import re
            dotted_words = r'(?!\d)(\w+)(\.(?!\d)(\w+))*'
            _NAME_PATTERN = re.compile(f'^(?P&lt;pkg&gt;{dotted_words})'
                                       f'(?P&lt;cln&gt;:(?P&lt;obj&gt;{dotted_words})?)?$',
                                       re.UNICODE)
    
        m = _NAME_PATTERN.match(name)
        if not m:
            raise ValueError(f'invalid format: {name!r}')
        gd = m.groupdict()
        if gd.get('cln'):
            # there is a colon - a one-step import is all that's needed
            mod = importlib.import_module(gd['pkg'])
            parts = gd.get('obj')
            parts = parts.split('.') if parts else []
        else:
            # no colon - have to iterate to find the package boundary
            parts = name.split('.')
            modname = parts.pop(0)
            # first part *must* be a module/package.
            mod = importlib.import_module(modname)
            while parts:
                p = parts[0]
                s = f'{modname}.{p}'
                try:
                    mod = importlib.import_module(s)
                    parts.pop(0)
                    modname = s
                except ImportError:
                    break
        # if we reach this point, mod is the module, already imported, and
        # parts is the list of parts in the object hierarchy to be traversed, or
        # an empty list if just the module is wanted.
        result = mod
        for p in parts:
&gt;           result = getattr(result, p)
E           AttributeError: module 'src' has no attribute 'batch_runner'

C:\Python312\Lib\pkgutil.py:528: AttributeError</failure></testcase><testcase classname="tests.test_batch_runner" name="test_token_cost_summary" time="0.006"><failure message="AttributeError: module 'src' has no attribute 'batch_runner'">mocker = &lt;pytest_mock.plugin.MockerFixture object at 0x00000256151CAED0&gt;, tmp_path = WindowsPath('C:/Users/afuny/AppData/Local/Temp/pytest-of-afuny/pytest-413/test_token_cost_summary0')
basic_config = {'examples_dir': 'tests/input/examples', 'global_token_limit': 2000000, 'input_splitter_options': {}, 'llm_client_options': {'api_key': 'TEST_KEY'}, ...}

    def test_token_cost_summary(mocker, tmp_path, basic_config):
        """Test token cost summary function."""
        # Mock LLMClient
        mock_llm = MagicMock()
        mock_llm.api_key = "test_key"
&gt;       mocker.patch('src.batch_runner.LLMClient', return_value=mock_llm)

tests\test_batch_runner.py:296: 
_ _ _ _ _ _ _ _ _ _ _ _ _ _ _ _ _ _ _ _ _ _ _ _ _ _ _ _ _ _ _ _ _ _ _ _ _ _ _ _ _ _ _ _ _ _ _ _ _ _ _ _ _ _ _ _ _ _ _ _ _ _ _ _ _ _ _ _ _ _ _ _ _ _ _ _ _ _ _ _ _ _ _ _ _ _ _ _ _ _ _ _ _ _ _ _ _ _ _ _ _ _ _ _ _ _ _ _ _ _ _ _ _ _ _ _ _ _ _ _ _ _ _ _ _ _ _ _ _ _ _ 
C:\Users\afuny\AppData\Roaming\Python\Python312\site-packages\pytest_mock\plugin.py:440: in __call__
    return self._start_patch(
C:\Users\afuny\AppData\Roaming\Python\Python312\site-packages\pytest_mock\plugin.py:258: in _start_patch
    mocked: MockType = p.start()
C:\Python312\Lib\unittest\mock.py:1624: in start
    result = self.__enter__()
C:\Python312\Lib\unittest\mock.py:1451: in __enter__
    self.target = self.getter()
_ _ _ _ _ _ _ _ _ _ _ _ _ _ _ _ _ _ _ _ _ _ _ _ _ _ _ _ _ _ _ _ _ _ _ _ _ _ _ _ _ _ _ _ _ _ _ _ _ _ _ _ _ _ _ _ _ _ _ _ _ _ _ _ _ _ _ _ _ _ _ _ _ _ _ _ _ _ _ _ _ _ _ _ _ _ _ _ _ _ _ _ _ _ _ _ _ _ _ _ _ _ _ _ _ _ _ _ _ _ _ _ _ _ _ _ _ _ _ _ _ _ _ _ _ _ _ _ _ _ _ 

name = 'src.batch_runner'

    def resolve_name(name):
        """
        Resolve a name to an object.
    
        It is expected that `name` will be a string in one of the following
        formats, where W is shorthand for a valid Python identifier and dot stands
        for a literal period in these pseudo-regexes:
    
        W(.W)*
        W(.W)*:(W(.W)*)?
    
        The first form is intended for backward compatibility only. It assumes that
        some part of the dotted name is a package, and the rest is an object
        somewhere within that package, possibly nested inside other objects.
        Because the place where the package stops and the object hierarchy starts
        can't be inferred by inspection, repeated attempts to import must be done
        with this form.
    
        In the second form, the caller makes the division point clear through the
        provision of a single colon: the dotted name to the left of the colon is a
        package to be imported, and the dotted name to the right is the object
        hierarchy within that package. Only one import is needed in this form. If
        it ends with the colon, then a module object is returned.
    
        The function will return an object (which might be a module), or raise one
        of the following exceptions:
    
        ValueError - if `name` isn't in a recognised format
        ImportError - if an import failed when it shouldn't have
        AttributeError - if a failure occurred when traversing the object hierarchy
                         within the imported package to get to the desired object.
        """
        global _NAME_PATTERN
        if _NAME_PATTERN is None:
            # Lazy import to speedup Python startup time
            import re
            dotted_words = r'(?!\d)(\w+)(\.(?!\d)(\w+))*'
            _NAME_PATTERN = re.compile(f'^(?P&lt;pkg&gt;{dotted_words})'
                                       f'(?P&lt;cln&gt;:(?P&lt;obj&gt;{dotted_words})?)?$',
                                       re.UNICODE)
    
        m = _NAME_PATTERN.match(name)
        if not m:
            raise ValueError(f'invalid format: {name!r}')
        gd = m.groupdict()
        if gd.get('cln'):
            # there is a colon - a one-step import is all that's needed
            mod = importlib.import_module(gd['pkg'])
            parts = gd.get('obj')
            parts = parts.split('.') if parts else []
        else:
            # no colon - have to iterate to find the package boundary
            parts = name.split('.')
            modname = parts.pop(0)
            # first part *must* be a module/package.
            mod = importlib.import_module(modname)
            while parts:
                p = parts[0]
                s = f'{modname}.{p}'
                try:
                    mod = importlib.import_module(s)
                    parts.pop(0)
                    modname = s
                except ImportError:
                    break
        # if we reach this point, mod is the module, already imported, and
        # parts is the list of parts in the object hierarchy to be traversed, or
        # an empty list if just the module is wanted.
        result = mod
        for p in parts:
&gt;           result = getattr(result, p)
E           AttributeError: module 'src' has no attribute 'batch_runner'

C:\Python312\Lib\pkgutil.py:528: AttributeError</failure></testcase><testcase classname="tests.test_batch_runner" name="test_run_batch_processing_error_handling" time="0.006"><failure message="AttributeError: module 'src' has no attribute 'batch_runner'">mocker = &lt;pytest_mock.plugin.MockerFixture object at 0x00000256151135C0&gt;, mock_args_input_file = &lt;MagicMock id='2568743892608'&gt;
basic_config = {'examples_dir': 'tests/input/examples', 'global_token_limit': 2000000, 'input_splitter_options': {}, 'llm_client_options': {'api_key': 'TEST_KEY'}, ...}
tmp_path = WindowsPath('C:/Users/afuny/AppData/Local/Temp/pytest-of-afuny/pytest-413/test_run_batch_processing_erro0')

    def test_run_batch_processing_error_handling(mocker, mock_args_input_file,
                                                 basic_config, tmp_path):
        """Test error handling in run_batch_processing."""
        # Mock log directory
        log_dir = tmp_path / "logs"
        archive_dir = log_dir / "archive"
&gt;       mocker.patch('src.batch_runner.get_log_dirs',
                     return_value=(log_dir, archive_dir))

tests\test_batch_runner.py:325: 
_ _ _ _ _ _ _ _ _ _ _ _ _ _ _ _ _ _ _ _ _ _ _ _ _ _ _ _ _ _ _ _ _ _ _ _ _ _ _ _ _ _ _ _ _ _ _ _ _ _ _ _ _ _ _ _ _ _ _ _ _ _ _ _ _ _ _ _ _ _ _ _ _ _ _ _ _ _ _ _ _ _ _ _ _ _ _ _ _ _ _ _ _ _ _ _ _ _ _ _ _ _ _ _ _ _ _ _ _ _ _ _ _ _ _ _ _ _ _ _ _ _ _ _ _ _ _ _ _ _ _ 
C:\Users\afuny\AppData\Roaming\Python\Python312\site-packages\pytest_mock\plugin.py:440: in __call__
    return self._start_patch(
C:\Users\afuny\AppData\Roaming\Python\Python312\site-packages\pytest_mock\plugin.py:258: in _start_patch
    mocked: MockType = p.start()
C:\Python312\Lib\unittest\mock.py:1624: in start
    result = self.__enter__()
C:\Python312\Lib\unittest\mock.py:1451: in __enter__
    self.target = self.getter()
_ _ _ _ _ _ _ _ _ _ _ _ _ _ _ _ _ _ _ _ _ _ _ _ _ _ _ _ _ _ _ _ _ _ _ _ _ _ _ _ _ _ _ _ _ _ _ _ _ _ _ _ _ _ _ _ _ _ _ _ _ _ _ _ _ _ _ _ _ _ _ _ _ _ _ _ _ _ _ _ _ _ _ _ _ _ _ _ _ _ _ _ _ _ _ _ _ _ _ _ _ _ _ _ _ _ _ _ _ _ _ _ _ _ _ _ _ _ _ _ _ _ _ _ _ _ _ _ _ _ _ 

name = 'src.batch_runner'

    def resolve_name(name):
        """
        Resolve a name to an object.
    
        It is expected that `name` will be a string in one of the following
        formats, where W is shorthand for a valid Python identifier and dot stands
        for a literal period in these pseudo-regexes:
    
        W(.W)*
        W(.W)*:(W(.W)*)?
    
        The first form is intended for backward compatibility only. It assumes that
        some part of the dotted name is a package, and the rest is an object
        somewhere within that package, possibly nested inside other objects.
        Because the place where the package stops and the object hierarchy starts
        can't be inferred by inspection, repeated attempts to import must be done
        with this form.
    
        In the second form, the caller makes the division point clear through the
        provision of a single colon: the dotted name to the left of the colon is a
        package to be imported, and the dotted name to the right is the object
        hierarchy within that package. Only one import is needed in this form. If
        it ends with the colon, then a module object is returned.
    
        The function will return an object (which might be a module), or raise one
        of the following exceptions:
    
        ValueError - if `name` isn't in a recognised format
        ImportError - if an import failed when it shouldn't have
        AttributeError - if a failure occurred when traversing the object hierarchy
                         within the imported package to get to the desired object.
        """
        global _NAME_PATTERN
        if _NAME_PATTERN is None:
            # Lazy import to speedup Python startup time
            import re
            dotted_words = r'(?!\d)(\w+)(\.(?!\d)(\w+))*'
            _NAME_PATTERN = re.compile(f'^(?P&lt;pkg&gt;{dotted_words})'
                                       f'(?P&lt;cln&gt;:(?P&lt;obj&gt;{dotted_words})?)?$',
                                       re.UNICODE)
    
        m = _NAME_PATTERN.match(name)
        if not m:
            raise ValueError(f'invalid format: {name!r}')
        gd = m.groupdict()
        if gd.get('cln'):
            # there is a colon - a one-step import is all that's needed
            mod = importlib.import_module(gd['pkg'])
            parts = gd.get('obj')
            parts = parts.split('.') if parts else []
        else:
            # no colon - have to iterate to find the package boundary
            parts = name.split('.')
            modname = parts.pop(0)
            # first part *must* be a module/package.
            mod = importlib.import_module(modname)
            while parts:
                p = parts[0]
                s = f'{modname}.{p}'
                try:
                    mod = importlib.import_module(s)
                    parts.pop(0)
                    modname = s
                except ImportError:
                    break
        # if we reach this point, mod is the module, already imported, and
        # parts is the list of parts in the object hierarchy to be traversed, or
        # an empty list if just the module is wanted.
        result = mod
        for p in parts:
&gt;           result = getattr(result, p)
E           AttributeError: module 'src' has no attribute 'batch_runner'

C:\Python312\Lib\pkgutil.py:528: AttributeError</failure></testcase><testcase classname="tests.test_batch_runner" name="test_run_batch_processing_with_continue_on_failure" time="0.007"><failure message="AttributeError: module 'src' has no attribute 'batch_runner'">mocker = &lt;pytest_mock.plugin.MockerFixture object at 0x00000256151F18E0&gt;, tmp_path = WindowsPath('C:/Users/afuny/AppData/Local/Temp/pytest-of-afuny/pytest-413/test_run_batch_processing_with0')
basic_config = {'examples_dir': 'tests/input/examples', 'global_token_limit': 2000000, 'input_splitter_options': {}, 'llm_client_options': {'api_key': 'TEST_KEY'}, ...}

    def test_run_batch_processing_with_continue_on_failure(mocker, tmp_path,
                                                           basic_config):
        """Test batch processing with continue_on_failure option."""
        # Setup test files
        input_dir = tmp_path / "input_dir"
        input_dir.mkdir()
        (input_dir / "file1.csv").write_text("id,text\n1,test1")
        (input_dir / "file2.csv").write_text("id,text\n2,test2")
    
        mock_args = MagicMock(input_file=None,
                              input_dir=str(input_dir),
                              output_dir=str(tmp_path / "output"),
                              config_file=None,
                              log_dir=None,
                              mode='batch')
    
        # Mock process_file to fail for first file but succeed for second
&gt;       process_file_mock = mocker.patch('src.batch_runner.process_file')

tests\test_batch_runner.py:373: 
_ _ _ _ _ _ _ _ _ _ _ _ _ _ _ _ _ _ _ _ _ _ _ _ _ _ _ _ _ _ _ _ _ _ _ _ _ _ _ _ _ _ _ _ _ _ _ _ _ _ _ _ _ _ _ _ _ _ _ _ _ _ _ _ _ _ _ _ _ _ _ _ _ _ _ _ _ _ _ _ _ _ _ _ _ _ _ _ _ _ _ _ _ _ _ _ _ _ _ _ _ _ _ _ _ _ _ _ _ _ _ _ _ _ _ _ _ _ _ _ _ _ _ _ _ _ _ _ _ _ _ 
C:\Users\afuny\AppData\Roaming\Python\Python312\site-packages\pytest_mock\plugin.py:440: in __call__
    return self._start_patch(
C:\Users\afuny\AppData\Roaming\Python\Python312\site-packages\pytest_mock\plugin.py:258: in _start_patch
    mocked: MockType = p.start()
C:\Python312\Lib\unittest\mock.py:1624: in start
    result = self.__enter__()
C:\Python312\Lib\unittest\mock.py:1451: in __enter__
    self.target = self.getter()
_ _ _ _ _ _ _ _ _ _ _ _ _ _ _ _ _ _ _ _ _ _ _ _ _ _ _ _ _ _ _ _ _ _ _ _ _ _ _ _ _ _ _ _ _ _ _ _ _ _ _ _ _ _ _ _ _ _ _ _ _ _ _ _ _ _ _ _ _ _ _ _ _ _ _ _ _ _ _ _ _ _ _ _ _ _ _ _ _ _ _ _ _ _ _ _ _ _ _ _ _ _ _ _ _ _ _ _ _ _ _ _ _ _ _ _ _ _ _ _ _ _ _ _ _ _ _ _ _ _ _ 

name = 'src.batch_runner'

    def resolve_name(name):
        """
        Resolve a name to an object.
    
        It is expected that `name` will be a string in one of the following
        formats, where W is shorthand for a valid Python identifier and dot stands
        for a literal period in these pseudo-regexes:
    
        W(.W)*
        W(.W)*:(W(.W)*)?
    
        The first form is intended for backward compatibility only. It assumes that
        some part of the dotted name is a package, and the rest is an object
        somewhere within that package, possibly nested inside other objects.
        Because the place where the package stops and the object hierarchy starts
        can't be inferred by inspection, repeated attempts to import must be done
        with this form.
    
        In the second form, the caller makes the division point clear through the
        provision of a single colon: the dotted name to the left of the colon is a
        package to be imported, and the dotted name to the right is the object
        hierarchy within that package. Only one import is needed in this form. If
        it ends with the colon, then a module object is returned.
    
        The function will return an object (which might be a module), or raise one
        of the following exceptions:
    
        ValueError - if `name` isn't in a recognised format
        ImportError - if an import failed when it shouldn't have
        AttributeError - if a failure occurred when traversing the object hierarchy
                         within the imported package to get to the desired object.
        """
        global _NAME_PATTERN
        if _NAME_PATTERN is None:
            # Lazy import to speedup Python startup time
            import re
            dotted_words = r'(?!\d)(\w+)(\.(?!\d)(\w+))*'
            _NAME_PATTERN = re.compile(f'^(?P&lt;pkg&gt;{dotted_words})'
                                       f'(?P&lt;cln&gt;:(?P&lt;obj&gt;{dotted_words})?)?$',
                                       re.UNICODE)
    
        m = _NAME_PATTERN.match(name)
        if not m:
            raise ValueError(f'invalid format: {name!r}')
        gd = m.groupdict()
        if gd.get('cln'):
            # there is a colon - a one-step import is all that's needed
            mod = importlib.import_module(gd['pkg'])
            parts = gd.get('obj')
            parts = parts.split('.') if parts else []
        else:
            # no colon - have to iterate to find the package boundary
            parts = name.split('.')
            modname = parts.pop(0)
            # first part *must* be a module/package.
            mod = importlib.import_module(modname)
            while parts:
                p = parts[0]
                s = f'{modname}.{p}'
                try:
                    mod = importlib.import_module(s)
                    parts.pop(0)
                    modname = s
                except ImportError:
                    break
        # if we reach this point, mod is the module, already imported, and
        # parts is the list of parts in the object hierarchy to be traversed, or
        # an empty list if just the module is wanted.
        result = mod
        for p in parts:
&gt;           result = getattr(result, p)
E           AttributeError: module 'src' has no attribute 'batch_runner'

C:\Python312\Lib\pkgutil.py:528: AttributeError</failure></testcase><testcase classname="tests.test_batch_runner" name="test_run_count_mode_error_handling" time="0.010"><failure message="AttributeError: module 'src' has no attribute 'batch_runner'">mocker = &lt;pytest_mock.plugin.MockerFixture object at 0x00000256151F2840&gt;, mock_args_input_file = &lt;MagicMock id='2568744805600'&gt;
basic_config = {'examples_dir': 'tests/input/examples', 'global_token_limit': 2000000, 'input_splitter_options': {}, 'llm_client_options': {'api_key': 'TEST_KEY'}, ...}

    def test_run_count_mode_error_handling(mocker, mock_args_input_file,
                                           basic_config):
        """Test error handling in run_count_mode."""
        mock_args_input_file.mode = 'count'
    
        # Test file not found
        mocker.patch('pathlib.Path.exists', return_value=False)
        run_count_mode(mock_args_input_file, basic_config)
    
        # Test encoder initialization failure
        mocker.patch('pathlib.Path.exists', return_value=True)
&gt;       mocker.patch('src.batch_runner.get_encoder', return_value=None)

tests\test_batch_runner.py:397: 
_ _ _ _ _ _ _ _ _ _ _ _ _ _ _ _ _ _ _ _ _ _ _ _ _ _ _ _ _ _ _ _ _ _ _ _ _ _ _ _ _ _ _ _ _ _ _ _ _ _ _ _ _ _ _ _ _ _ _ _ _ _ _ _ _ _ _ _ _ _ _ _ _ _ _ _ _ _ _ _ _ _ _ _ _ _ _ _ _ _ _ _ _ _ _ _ _ _ _ _ _ _ _ _ _ _ _ _ _ _ _ _ _ _ _ _ _ _ _ _ _ _ _ _ _ _ _ _ _ _ _ 
C:\Users\afuny\AppData\Roaming\Python\Python312\site-packages\pytest_mock\plugin.py:440: in __call__
    return self._start_patch(
C:\Users\afuny\AppData\Roaming\Python\Python312\site-packages\pytest_mock\plugin.py:258: in _start_patch
    mocked: MockType = p.start()
C:\Python312\Lib\unittest\mock.py:1624: in start
    result = self.__enter__()
C:\Python312\Lib\unittest\mock.py:1451: in __enter__
    self.target = self.getter()
_ _ _ _ _ _ _ _ _ _ _ _ _ _ _ _ _ _ _ _ _ _ _ _ _ _ _ _ _ _ _ _ _ _ _ _ _ _ _ _ _ _ _ _ _ _ _ _ _ _ _ _ _ _ _ _ _ _ _ _ _ _ _ _ _ _ _ _ _ _ _ _ _ _ _ _ _ _ _ _ _ _ _ _ _ _ _ _ _ _ _ _ _ _ _ _ _ _ _ _ _ _ _ _ _ _ _ _ _ _ _ _ _ _ _ _ _ _ _ _ _ _ _ _ _ _ _ _ _ _ _ 

name = 'src.batch_runner'

    def resolve_name(name):
        """
        Resolve a name to an object.
    
        It is expected that `name` will be a string in one of the following
        formats, where W is shorthand for a valid Python identifier and dot stands
        for a literal period in these pseudo-regexes:
    
        W(.W)*
        W(.W)*:(W(.W)*)?
    
        The first form is intended for backward compatibility only. It assumes that
        some part of the dotted name is a package, and the rest is an object
        somewhere within that package, possibly nested inside other objects.
        Because the place where the package stops and the object hierarchy starts
        can't be inferred by inspection, repeated attempts to import must be done
        with this form.
    
        In the second form, the caller makes the division point clear through the
        provision of a single colon: the dotted name to the left of the colon is a
        package to be imported, and the dotted name to the right is the object
        hierarchy within that package. Only one import is needed in this form. If
        it ends with the colon, then a module object is returned.
    
        The function will return an object (which might be a module), or raise one
        of the following exceptions:
    
        ValueError - if `name` isn't in a recognised format
        ImportError - if an import failed when it shouldn't have
        AttributeError - if a failure occurred when traversing the object hierarchy
                         within the imported package to get to the desired object.
        """
        global _NAME_PATTERN
        if _NAME_PATTERN is None:
            # Lazy import to speedup Python startup time
            import re
            dotted_words = r'(?!\d)(\w+)(\.(?!\d)(\w+))*'
            _NAME_PATTERN = re.compile(f'^(?P&lt;pkg&gt;{dotted_words})'
                                       f'(?P&lt;cln&gt;:(?P&lt;obj&gt;{dotted_words})?)?$',
                                       re.UNICODE)
    
        m = _NAME_PATTERN.match(name)
        if not m:
            raise ValueError(f'invalid format: {name!r}')
        gd = m.groupdict()
        if gd.get('cln'):
            # there is a colon - a one-step import is all that's needed
            mod = importlib.import_module(gd['pkg'])
            parts = gd.get('obj')
            parts = parts.split('.') if parts else []
        else:
            # no colon - have to iterate to find the package boundary
            parts = name.split('.')
            modname = parts.pop(0)
            # first part *must* be a module/package.
            mod = importlib.import_module(modname)
            while parts:
                p = parts[0]
                s = f'{modname}.{p}'
                try:
                    mod = importlib.import_module(s)
                    parts.pop(0)
                    modname = s
                except ImportError:
                    break
        # if we reach this point, mod is the module, already imported, and
        # parts is the list of parts in the object hierarchy to be traversed, or
        # an empty list if just the module is wanted.
        result = mod
        for p in parts:
&gt;           result = getattr(result, p)
E           AttributeError: module 'src' has no attribute 'batch_runner'

C:\Python312\Lib\pkgutil.py:528: AttributeError</failure></testcase><testcase classname="tests.test_batch_runner" name="test_run_split_mode_error_handling" time="0.009"><failure message="AttributeError: module 'src' has no attribute 'batch_runner'">mocker = &lt;pytest_mock.plugin.MockerFixture object at 0x00000256151F1310&gt;, mock_args_input_file = &lt;MagicMock id='2568744800128'&gt;
basic_config = {'examples_dir': 'tests/input/examples', 'global_token_limit': 2000000, 'input_splitter_options': {}, 'llm_client_options': {'api_key': 'TEST_KEY'}, ...}

    def test_run_split_mode_error_handling(mocker, mock_args_input_file,
                                           basic_config):
        """Test error handling in run_split_mode."""
        mock_args_input_file.mode = 'split'
    
        # Test file not found
        mocker.patch('pathlib.Path.exists', return_value=False)
        run_split_mode(mock_args_input_file, basic_config)
    
        # Test split failure
        mocker.patch('pathlib.Path.exists', return_value=True)
&gt;       mocker.patch('src.batch_runner.split_file_by_token_limit',
                     side_effect=Exception("Split error"))

tests\test_batch_runner.py:418: 
_ _ _ _ _ _ _ _ _ _ _ _ _ _ _ _ _ _ _ _ _ _ _ _ _ _ _ _ _ _ _ _ _ _ _ _ _ _ _ _ _ _ _ _ _ _ _ _ _ _ _ _ _ _ _ _ _ _ _ _ _ _ _ _ _ _ _ _ _ _ _ _ _ _ _ _ _ _ _ _ _ _ _ _ _ _ _ _ _ _ _ _ _ _ _ _ _ _ _ _ _ _ _ _ _ _ _ _ _ _ _ _ _ _ _ _ _ _ _ _ _ _ _ _ _ _ _ _ _ _ _ 
C:\Users\afuny\AppData\Roaming\Python\Python312\site-packages\pytest_mock\plugin.py:440: in __call__
    return self._start_patch(
C:\Users\afuny\AppData\Roaming\Python\Python312\site-packages\pytest_mock\plugin.py:258: in _start_patch
    mocked: MockType = p.start()
C:\Python312\Lib\unittest\mock.py:1624: in start
    result = self.__enter__()
C:\Python312\Lib\unittest\mock.py:1451: in __enter__
    self.target = self.getter()
_ _ _ _ _ _ _ _ _ _ _ _ _ _ _ _ _ _ _ _ _ _ _ _ _ _ _ _ _ _ _ _ _ _ _ _ _ _ _ _ _ _ _ _ _ _ _ _ _ _ _ _ _ _ _ _ _ _ _ _ _ _ _ _ _ _ _ _ _ _ _ _ _ _ _ _ _ _ _ _ _ _ _ _ _ _ _ _ _ _ _ _ _ _ _ _ _ _ _ _ _ _ _ _ _ _ _ _ _ _ _ _ _ _ _ _ _ _ _ _ _ _ _ _ _ _ _ _ _ _ _ 

name = 'src.batch_runner'

    def resolve_name(name):
        """
        Resolve a name to an object.
    
        It is expected that `name` will be a string in one of the following
        formats, where W is shorthand for a valid Python identifier and dot stands
        for a literal period in these pseudo-regexes:
    
        W(.W)*
        W(.W)*:(W(.W)*)?
    
        The first form is intended for backward compatibility only. It assumes that
        some part of the dotted name is a package, and the rest is an object
        somewhere within that package, possibly nested inside other objects.
        Because the place where the package stops and the object hierarchy starts
        can't be inferred by inspection, repeated attempts to import must be done
        with this form.
    
        In the second form, the caller makes the division point clear through the
        provision of a single colon: the dotted name to the left of the colon is a
        package to be imported, and the dotted name to the right is the object
        hierarchy within that package. Only one import is needed in this form. If
        it ends with the colon, then a module object is returned.
    
        The function will return an object (which might be a module), or raise one
        of the following exceptions:
    
        ValueError - if `name` isn't in a recognised format
        ImportError - if an import failed when it shouldn't have
        AttributeError - if a failure occurred when traversing the object hierarchy
                         within the imported package to get to the desired object.
        """
        global _NAME_PATTERN
        if _NAME_PATTERN is None:
            # Lazy import to speedup Python startup time
            import re
            dotted_words = r'(?!\d)(\w+)(\.(?!\d)(\w+))*'
            _NAME_PATTERN = re.compile(f'^(?P&lt;pkg&gt;{dotted_words})'
                                       f'(?P&lt;cln&gt;:(?P&lt;obj&gt;{dotted_words})?)?$',
                                       re.UNICODE)
    
        m = _NAME_PATTERN.match(name)
        if not m:
            raise ValueError(f'invalid format: {name!r}')
        gd = m.groupdict()
        if gd.get('cln'):
            # there is a colon - a one-step import is all that's needed
            mod = importlib.import_module(gd['pkg'])
            parts = gd.get('obj')
            parts = parts.split('.') if parts else []
        else:
            # no colon - have to iterate to find the package boundary
            parts = name.split('.')
            modname = parts.pop(0)
            # first part *must* be a module/package.
            mod = importlib.import_module(modname)
            while parts:
                p = parts[0]
                s = f'{modname}.{p}'
                try:
                    mod = importlib.import_module(s)
                    parts.pop(0)
                    modname = s
                except ImportError:
                    break
        # if we reach this point, mod is the module, already imported, and
        # parts is the list of parts in the object hierarchy to be traversed, or
        # an empty list if just the module is wanted.
        result = mod
        for p in parts:
&gt;           result = getattr(result, p)
E           AttributeError: module 'src' has no attribute 'batch_runner'

C:\Python312\Lib\pkgutil.py:528: AttributeError</failure></testcase><testcase classname="tests.test_check_token_limits" name="test_check_token_limits_errors[not_df-prompt-resp-dummy_encoder-10-TypeError-df must be a pandas DataFrame]" time="0.003" /><testcase classname="tests.test_check_token_limits" name="test_check_token_limits_errors[df1-prompt-resp-dummy_encoder-10-ValueError-DataFrame cannot be empty]" time="0.003" /><testcase classname="tests.test_check_token_limits" name="test_check_token_limits_errors[df2--resp-dummy_encoder-10-ValueError-system_prompt_content must be a non-empty string]" time="0.002" /><testcase classname="tests.test_check_token_limits" name="test_check_token_limits_errors[df3-prompt--dummy_encoder-10-ValueError-response_field must be a non-empty string]" time="0.002" /><testcase classname="tests.test_check_token_limits" name="test_check_token_limits_errors[df4-prompt-resp-dummy_encoder-10-ValueError-response_field 'resp' not found]" time="0.002" /><testcase classname="tests.test_check_token_limits" name="test_check_token_limits_errors[df5-prompt-resp-dummy_encoder-0-ValueError-token_limit must be a positive integer]" time="0.002" /><testcase classname="tests.test_check_token_limits" name="test_check_token_limits_errors[df6-prompt-resp-None-10-ValueError-encoder cannot be None]" time="0.002" /><testcase classname="tests.test_check_token_limits" name="test_check_token_limits_success_under_limit" time="0.007"><failure message="RuntimeError: Error checking token limits: dummy_encoder() missing 2 required positional arguments: 'resp' and 'encoder'">df =   resp
0    a
1   bb
2  ccc, system_prompt_content = 'X', response_field = 'resp', encoder = &lt;function dummy_encoder at 0x000002567FF0DBC0&gt;, token_limit = 100, raise_on_error = True, filepath = None

    def check_token_limits(
            df: pd.DataFrame,
            system_prompt_content: str,
            response_field: str,
            encoder: Any,
            token_limit: int,
            raise_on_error: bool = False,
            filepath: Optional[str] = None) -&gt; Tuple[bool, Dict[str, float]]:
        """
        Check if token counts in the dataframe exceed the specified limit.
    
        Args:
            df: Input dataframe to check. Must be a non-empty pandas DataFrame.
            system_prompt_content: System prompt content or field name. Must be a non-empty string.
            response_field: Field containing response content. Must be a column in the DataFrame.
            encoder: Tokenizer encoder instance.
            token_limit: Maximum allowed tokens. Must be a positive integer.
            raise_on_error: If True, raises ValueError on validation errors.
    
        Returns:
            Tuple containing:
                - Boolean indicating if tokens are under limit
                - Dictionary with token statistics (total, average, max)
    
        Raises:
            ValueError: If input validation fails and raise_on_error is True.
            TypeError: If input types are incorrect and raise_on_error is True.
        """
        # Input validation
        if not isinstance(df, pd.DataFrame):
            error_msg = f"df must be a pandas DataFrame, got {type(df).__name__}"
            if raise_on_error:
                raise TypeError(error_msg)
            logger.error(error_msg)
            return False, {}
    
        if df.empty:
            return _handle_dataframe_error("DataFrame cannot be empty",
                                           raise_on_error, logger)
    
        if not isinstance(system_prompt_content,
                          str) or not system_prompt_content.strip():
            return _handle_validation_error(
                "system_prompt_content must be a non-empty string", raise_on_error,
                logger)
    
        if not isinstance(response_field, str) or not response_field.strip():
            return _handle_validation_error(
                "response_field must be a non-empty string", raise_on_error,
                logger)
    
        if response_field not in df.columns:
            return _handle_validation_error(
                f"response_field '{response_field}' not found in DataFrame columns",
                raise_on_error, logger)
    
        if not isinstance(token_limit, int) or token_limit &lt;= 0:
            return _handle_validation_error(
                f"token_limit must be a positive integer, got {token_limit}",
                raise_on_error, logger)
    
        if encoder is None:
            return _handle_validation_error(
                "encoder cannot be None, or tiktoken.Encoding, or a callable.",
                raise_on_error, logger)
    
        try:
            token_counter = create_token_counter(system_prompt_content,
                                                 response_field, encoder)
&gt;           token_counts = df.apply(token_counter, axis=1)

src\batchgrader\file_processor.py:174: 
_ _ _ _ _ _ _ _ _ _ _ _ _ _ _ _ _ _ _ _ _ _ _ _ _ _ _ _ _ _ _ _ _ _ _ _ _ _ _ _ _ _ _ _ _ _ _ _ _ _ _ _ _ _ _ _ _ _ _ _ _ _ _ _ _ _ _ _ _ _ _ _ _ _ _ _ _ _ _ _ _ _ _ _ _ _ _ _ _ _ _ _ _ _ _ _ _ _ _ _ _ _ _ _ _ _ _ _ _ _ _ _ _ _ _ _ _ _ _ _ _ _ _ _ _ _ _ _ _ _ _ 
C:\Python312\Lib\site-packages\pandas\core\frame.py:10374: in apply
    return op.apply().__finalize__(self, method="apply")
C:\Python312\Lib\site-packages\pandas\core\apply.py:916: in apply
    return self.apply_standard()
C:\Python312\Lib\site-packages\pandas\core\apply.py:1063: in apply_standard
    results, res_index = self.apply_series_generator()
C:\Python312\Lib\site-packages\pandas\core\apply.py:1081: in apply_series_generator
    results[i] = self.func(v, *self.args, **self.kwargs)
_ _ _ _ _ _ _ _ _ _ _ _ _ _ _ _ _ _ _ _ _ _ _ _ _ _ _ _ _ _ _ _ _ _ _ _ _ _ _ _ _ _ _ _ _ _ _ _ _ _ _ _ _ _ _ _ _ _ _ _ _ _ _ _ _ _ _ _ _ _ _ _ _ _ _ _ _ _ _ _ _ _ _ _ _ _ _ _ _ _ _ _ _ _ _ _ _ _ _ _ _ _ _ _ _ _ _ _ _ _ _ _ _ _ _ _ _ _ _ _ _ _ _ _ _ _ _ _ _ _ _ 

row = resp    a
Name: 0, dtype: object

    def token_counter(row: Dict[str, Any]) -&gt; int:
        user_content = str(row.get(response_field, ''))
        system_content = system_prompt_content
    
        if prompt_template:
            prompt_text = prompt_template.format(system=system_content,
                                                 user=user_content)
        else:
            prompt_text = f"{system_content}\n{user_content}"
    
        # Use encode method if available, else assume encoder is callable
        if hasattr(encoder, 'encode'):
            return len(encoder.encode(prompt_text))
        elif callable(encoder):
&gt;           return encoder(prompt_text)
E           TypeError: dummy_encoder() missing 2 required positional arguments: 'resp' and 'encoder'

src\batchgrader\token_utils.py:113: TypeError

The above exception was the direct cause of the following exception:

    def test_check_token_limits_success_under_limit():
        df = pd.DataFrame({'resp':["a","bb","ccc"]})
&gt;       is_valid, stats = check_token_limits(df, "X", "resp", dummy_encoder, 100, raise_on_error=True)

tests\test_check_token_limits.py:28: 
_ _ _ _ _ _ _ _ _ _ _ _ _ _ _ _ _ _ _ _ _ _ _ _ _ _ _ _ _ _ _ _ _ _ _ _ _ _ _ _ _ _ _ _ _ _ _ _ _ _ _ _ _ _ _ _ _ _ _ _ _ _ _ _ _ _ _ _ _ _ _ _ _ _ _ _ _ _ _ _ _ _ _ _ _ _ _ _ _ _ _ _ _ _ _ _ _ _ _ _ _ _ _ _ _ _ _ _ _ _ _ _ _ _ _ _ _ _ _ _ _ _ _ _ _ _ _ _ _ _ _ 

df =   resp
0    a
1   bb
2  ccc, system_prompt_content = 'X', response_field = 'resp', encoder = &lt;function dummy_encoder at 0x000002567FF0DBC0&gt;, token_limit = 100, raise_on_error = True, filepath = None

    def check_token_limits(
            df: pd.DataFrame,
            system_prompt_content: str,
            response_field: str,
            encoder: Any,
            token_limit: int,
            raise_on_error: bool = False,
            filepath: Optional[str] = None) -&gt; Tuple[bool, Dict[str, float]]:
        """
        Check if token counts in the dataframe exceed the specified limit.
    
        Args:
            df: Input dataframe to check. Must be a non-empty pandas DataFrame.
            system_prompt_content: System prompt content or field name. Must be a non-empty string.
            response_field: Field containing response content. Must be a column in the DataFrame.
            encoder: Tokenizer encoder instance.
            token_limit: Maximum allowed tokens. Must be a positive integer.
            raise_on_error: If True, raises ValueError on validation errors.
    
        Returns:
            Tuple containing:
                - Boolean indicating if tokens are under limit
                - Dictionary with token statistics (total, average, max)
    
        Raises:
            ValueError: If input validation fails and raise_on_error is True.
            TypeError: If input types are incorrect and raise_on_error is True.
        """
        # Input validation
        if not isinstance(df, pd.DataFrame):
            error_msg = f"df must be a pandas DataFrame, got {type(df).__name__}"
            if raise_on_error:
                raise TypeError(error_msg)
            logger.error(error_msg)
            return False, {}
    
        if df.empty:
            return _handle_dataframe_error("DataFrame cannot be empty",
                                           raise_on_error, logger)
    
        if not isinstance(system_prompt_content,
                          str) or not system_prompt_content.strip():
            return _handle_validation_error(
                "system_prompt_content must be a non-empty string", raise_on_error,
                logger)
    
        if not isinstance(response_field, str) or not response_field.strip():
            return _handle_validation_error(
                "response_field must be a non-empty string", raise_on_error,
                logger)
    
        if response_field not in df.columns:
            return _handle_validation_error(
                f"response_field '{response_field}' not found in DataFrame columns",
                raise_on_error, logger)
    
        if not isinstance(token_limit, int) or token_limit &lt;= 0:
            return _handle_validation_error(
                f"token_limit must be a positive integer, got {token_limit}",
                raise_on_error, logger)
    
        if encoder is None:
            return _handle_validation_error(
                "encoder cannot be None, or tiktoken.Encoding, or a callable.",
                raise_on_error, logger)
    
        try:
            token_counter = create_token_counter(system_prompt_content,
                                                 response_field, encoder)
            token_counts = df.apply(token_counter, axis=1)
    
            if token_counts.empty:
                return True, {'total': 0, 'average': 0, 'max': 0}
    
            token_stats = {
                'total': float(token_counts.sum()),
                'average': float(token_counts.mean()),
                'max': float(token_counts.max())
            }
    
            is_under_limit = token_stats['total'] &lt;= token_limit
    
            logger.debug(f"[TOKEN COUNT] Total: {int(token_stats['total'])}, "
                         f"Avg: {token_stats['average']:.1f}, "
                         f"Max: {int(token_stats['max'])}")
    
            if not is_under_limit:
                try:
                    llm_client = LLMClient()
                    # Log a zero-cost event specifically indicating a limit was exceeded *before* raising.
                    update_token_log(api_key=llm_client.api_key,
                                     tokens_submitted=0,
                                     tokens_used_for_error=True,
                                     log_path=DEFAULT_TOKEN_USAGE_LOG_PATH)
                except Exception as e:
                    logger.error(
                        f"[WARN] Could not log token usage detail for limit exceeded event: {e}"
                    )
                error_location = f"for {filepath}" if filepath else "for an input dataframe"
                # Include token_stats in the error for better diagnostics
                details = f"Details: {token_stats['total']:.0f} tokens ({token_stats['average']:.1f} avg, {token_stats['max']:.0f} max) vs limit {token_limit:.0f}."
                raise TokenLimitError(
                    f"Token limit exceeded {error_location}. {details}")
            try:
                llm_client = LLMClient()
                update_token_log(llm_client.api_key,
                                 int(token_stats['total']),
                                 log_path=DEFAULT_TOKEN_USAGE_LOG_PATH)
            except Exception as e:
                logger.error(f"[WARN] Could not log token usage: {e}")
            return is_under_limit, token_stats
    
        except Exception as e:
            error_msg = f"Error checking token limits: {str(e)}"
            logger.error(error_msg, exc_info=True)
            if raise_on_error:
&gt;               raise RuntimeError(error_msg) from e
E               RuntimeError: Error checking token limits: dummy_encoder() missing 2 required positional arguments: 'resp' and 'encoder'

src\batchgrader\file_processor.py:221: RuntimeError</failure></testcase><testcase classname="tests.test_check_token_limits" name="test_check_token_limits_exceed_limit" time="0.003"><failure message="KeyError: 'total'">def test_check_token_limits_exceed_limit():
        df = pd.DataFrame({'resp':["aaaa"]})
        # token count = len(prompt)+len(resp)=1+4=5, limit=4 =&gt; exceed
        is_valid, stats = check_token_limits(df, "Z", "resp", dummy_encoder, 4, raise_on_error=False)
        assert not is_valid
&gt;       assert stats['total'] == float(len("Z")+4)
E       KeyError: 'total'

tests\test_check_token_limits.py:39: KeyError</failure></testcase><testcase classname="tests.test_cli" name="test_cli_batch_mode_input_file" time="0.034" /><testcase classname="tests.test_cli" name="test_cli_count_mode_input_dir" time="0.020" /><testcase classname="tests.test_cli" name="test_cli_split_mode_log_dir" time="0.020" /><testcase classname="tests.test_cli" name="test_cli_missing_input_defaults_to_input_dir" time="0.008"><failure message="ImportError: import error in src.constants: No module named 'src.constants'">name = 'src.constants'

    def resolve(name: str) -&gt; object:
        # Simplified from zope.dottedname.
        parts = name.split(".")
    
        used = parts.pop(0)
        found: object = __import__(used)
        for part in parts:
            used += "." + part
            try:
                found = getattr(found, part)
            except AttributeError:
                pass
            else:
                continue
            # We use explicit un-nesting of the handling block in order
            # to avoid nested exceptions.
[...]
ctory" time="0.005" /><testcase classname="tests.test_logger" name="test_logger_init_adds_handlers" time="0.007" /><testcase classname="tests.test_logger" name="test_logger_skips_adding_handlers_if_already_exists" time="0.006" /><testcase classname="tests.test_logger" name="test_logger_methods_call_underlying_logger" time="0.004" /><testcase classname="tests.test_logger" name="test_success_log_level_registered" time="0.001" /><testcase classname="tests.test_logger" name="test_success_method_added_to_logger" time="0.002" /><testcase classname="tests.test_logger" name="test_logger_integration" time="0.012" /><testcase classname="tests.test_logger" name="test_get_logger" time="0.005" /><testcase classname="tests.test_prompt_utils" name="test_load_system_prompt_with_custom_examples" time="0.006" /><testcase classname="tests.test_prompt_utils" name="test_load_system_prompt_with_default_examples" time="0.004" /><testcase classname="tests.test_prompt_utils" name="test_load_system_prompt_missing_examples_file" time="0.003" /><testcase classname="tests.test_prompt_utils" name="test_load_system_prompt_empty_examples_file" time="0.004" /><testcase classname="tests.test_prompt_utils" name="test_load_system_prompt_missing_placeholder" time="0.004" /><testcase classname="tests.test_prompt_utils" name="test_load_system_prompt_missing_config_key" time="0.002" /><testcase classname="tests.test_prompt_utils" name="test_load_prompts_file_not_found" time="0.005" /><testcase classname="tests.test_prompt_utils" name="test_load_prompts_invalid_yaml" time="0.012" /><testcase classname="tests.test_prompt_utils" name="test_load_prompts_invalid_format" time="0.008" /><testcase classname="tests.test_prompt_utils" name="test_load_prompts_success" time="0.009" /><testcase classname="tests.test_prompt_utils" name="test_load_prompts_unexpected_error" time="0.008" /><testcase classname="tests.test_rich_display" name="test_rich_job_table_init" time="0.002" /><testcase classname="tests.test_rich_display" name="test_build_table" time="0.002" /><testcase classname="tests.test_rich_display" name="test_build_table_status_formatting" time="0.002" /><testcase classname="tests.test_rich_display" name="test_build_table_progress_formatting" time="0.003"><failure message="AssertionError: assert '[cyan]▒ ...' in '[cyan]░ 0%[/cyan]'">mock_jobs = [&lt;tests.test_rich_display.MockBatchJob object at 0x000002561565BC20&gt;, &lt;tests.test_rich_display.MockBatchJob object at ...isplay.MockBatchJob object at 0x000002561565BCE0&gt;, &lt;tests.test_rich_display.MockBatchJob object at 0x000002561565BD10&gt;]

    def test_build_table_progress_formatting(mock_jobs):
        """Test that progress indicators are properly formatted in the table."""
        with patch('rich.table.Table.add_row') as mock_add_row:
            table = RichJobTable()
            result = table.build_table(mock_jobs)
    
            calls = mock_add_row.call_args_list
    
            # First job (pending) - 0%
            assert "[yellow]░ 0%" in calls[0][0][3]
    
            # Second job (submitted) - progress indicator
&gt;           assert "[cyan]▒ ..." in calls[1][0][3]
E           AssertionError: assert '[cyan]▒ ...' in '[cyan]░ 0%[/cyan]'

tests\test_rich_display.py:134: AssertionError</failure></testcase><testcase classname="tests.test_rich_display" name="test_print_summary_table" time="0.003" /><testcase classname="tests.test_rich_display" name="test_print_summary_table_content" time="0.004" /><testcase classname="tests.test_splitter" name="test_force_chunk_count_splits_evenly" time="0.022" /><testcase classname="tests.test_splitter" name="test_token_chunking_respects_limit" time="0.026" /><testcase classname="tests.test_splitter" name="test_force_chunk_count_warns_over_token" time="0.018" /><testcase classname="tests.test_splitter" name="test_deep_merge_dicts" time="0.002" /><testcase classname="tests.test_splitter" name="test_examples_file_check" time="0.009" /><testcase classname="tests.test_splitter" name="test_pricing_csv_error" time="0.002" /><testcase classname="tests.test_token_tracker" name="test_get_api_key_prefix" time="0.002" /><testcase classname="tests.test_token_tracker" name="test_load_pricing" time="0.011" /><testcase classname="tests.test_token_tracker" name="test_load_pricing_file_not_found" time="0.006" /><testcase classname="tests.test_token_tracker" name="test_load_log_existing" time="0.008" /><testcase classname="tests.test_token_tracker" name="test_load_log_not_exists" time="0.065" /><testcase classname="tests.test_token_tracker" name="test_load_log_invalid_json" time="0.007" /><testcase classname="tests.test_token_tracker" name="test_save_log" time="0.007" /><testcase classname="tests.test_token_tracker" name="test_update_token_log_existing_entry" time="0.009" /><testcase classname="tests.test_token_tracker" name="test_update_token_log_new_entry" time="0.013" /><testcase classname="tests.test_token_tracker" name="test_log_token_usage_event" time="0.012"><failure message="TypeError: _setup_and_call_log_token_usage_event() got an unexpected keyword argument 'api_key'">temp_event_log_path = WindowsPath('C:/Users/afuny/AppData/Local/Temp/pytest-of-afuny/pytest-413/test_log_token_usage_event0/token_usage_events.jsonl')
temp_pricing_csv_path = WindowsPath('C:/Users/afuny/AppData/Local/Temp/pytest-of-afuny/pytest-413/test_log_token_usage_event0/pricing.csv')

    def test_log_token_usage_event(temp_event_log_path: Path,
                                   temp_pricing_csv_path: Path):
        """Test logging a token usage event."""
        # Create a fixed datetime for testing
        fixed_timestamp = "2025-05-16T02:01:23.323343"
&gt;       _setup_and_call_log_token_usage_event(
            fixed_timestamp,
            api_key="sk-1234567890abcdefghijklmn",
            model_str="gpt-4o-mini-2024-07-18",
            input_tokens_int=1000,
            output_tokens_int=500,
            event_log_path_obj=temp_event_log_path,
            pricing_csv_path_obj=temp_pricing_csv_path)
E       TypeError: _setup_and_call_log_token_usage_event() got an unexpected keyword argument 'api_key'

tests\test_token_tracker.py:245: TypeError</failure></testcase><testcase classname="tests.test_token_tracker" name="test_log_token_usage_event_unknown_model" time="0.012" /><testcase classname="tests.test_token_tracker" name="test_load_token_usage_events" time="0.006" /><testcase classname="tests.test_token_tracker" name="test_get_token_usage_summary" time="0.007" /><testcase classname="tests.test_token_tracker" name="test_get_total_cost" time="0.007" /><testcase classname="tests.test_token_tracker" name="test_get_token_usage_for_day" time="0.009" /><testcase classname="tests.test_token_utils" name="test_count_tokens_in_content" time="0.002" /><testcase classname="tests.test_token_utils" name="test_count_tokens_in_content_error_handling" time="0.003" /><testcase classname="tests.test_token_utils" name="test_count_input_tokens" time="0.002" /><testcase classname="tests.test_token_utils" name="test_count_completion_tokens" time="0.002" /><testcase classname="tests.test_token_utils" name="test_create_token_counter" time="0.002" /><testcase classname="tests.test_token_utils" name="test_count_tokens_in_df" time="0.003" /><testcase classname="tests.test_token_utils" name="test_calculate_token_stats" time="0.002" /><testcase classname="tests.test_token_utils" name="test_check_token_limit" time="0.002" /><testcase classname="tests.test_token_utils" name="test_check_token_limit_with_exception" time="0.002" /><testcase classname="tests.test_token_utils" name="test_get_token_count_message" time="0.003" /><testcase classname="tests.test_utils" name="test_get_encoder_default" time="0.002" /><testcase classname="tests.test_utils" name="test_get_encoder_specific_model" time="0.002" /><testcase classname="tests.test_utils" name="test_get_encoder_failure" time="0.004"><failure message="ModuleNotFoundError: No module named 'utils'">args = (), keywargs = {'caplog': &lt;_pytest.logging.LogCaptureFixture object at 0x000002561564BB90&gt;}

    @wraps(func)
    def patched(*args, **keywargs):
&gt;       with self.decoration_helper(patched,
                                    args,
                                    keywargs) as (newargs, newkeywargs):

C:\Python312\Lib\unittest\mock.py:1393: 
_ _ _ _ _ _ _ _ _ _ _ _ _ _ _ _ _ _ _ _ _ _ _ _ _ _ _ _ _ _ _ _ _ _ _ _ _ _ _ _ _ _ _ _ _ _ _ _ _ _ _ _ _ _ _ _ _ _ _ _ _ _ _ _ _ _ _ _ _ _ _ _ _ _ _ _ _ _ _ _ _ _ _ _ _ _ _ _ _ _ _ _ _ _ _ _ _ _ _ _ _ _ _ _ _ _ _ _ _ _ _ _ _ _ _ _ _ _ _ _ _ _ _ _ _ _ _ _ _ _ _ 
C:\Python312\Lib\contextlib.py:137: in __enter__
    return next(self.gen)
C:\Python312\Lib\unittest\mock.py:1375: in decoration_helper
    arg = exit_stack.enter_context(patching)
C:\Python312\Lib\contextlib.py:526: in enter_context
    result = _enter(cm)
C:\Python312\Lib\unittest\mock.py:1451: in __enter__
    self.target = self.getter()
C:\Python312\Lib\pkgutil.py:513: in resolve_name
    mod = importlib.import_module(modname)
_ _ _ _ _ _ _ _ _ _ _ _ _ _ _ _ _ _ _ _ _ _ _ _ _ _ _ _ _ _ _ _ _ _ _ _ _ _ _ _ _ _ _ _ _ _ _ _ _ _ _ _ _ _ _ _ _ _ _ _ _ _ _ _ _ _ _ _ _ _ _ _ _ _ _ _ _ _ _ _ _ _ _ _ _ _ _ _ _ _ _ _ _ _ _ _ _ _ _ _ _ _ _ _ _ _ _ _ _ _ _ _ _ _ _ _ _ _ _ _ _ _ _ _ _ _ _ _ _ _ _ 

name = 'utils', package = None

    def import_module(name, package=None):
        """Import a module.
    
        The 'package' argument is required when performing a relative import. It
        specifies the package to use as the anchor point from which to resolve the
        relative import to an absolute import.
    
        """
        level = 0
        if name.startswith('.'):
            if not package:
                raise TypeError("the 'package' argument is required to perform a "
                                f"relative import for {name!r}")
            for character in name:
                if character != '.':
                    break
                level += 1
&gt;       return _bootstrap._gcd_import(name[level:], package, level)
E       ModuleNotFoundError: No module named 'utils'

C:\Python312\Lib\importlib\__init__.py:90: ModuleNotFoundError</failure></testcase><testcase classname="tests.test_utils" name="test_deep_merge_dicts_basic" time="0.002" /><testcase classname="tests.test_utils" name="test_deep_merge_dicts_nested" time="0.002" /><testcase classname="tests.test_utils" name="test_deep_merge_dicts_with_non_dict" time="0.002" /><testcase classname="tests.test_utils" name="test_deep_merge_dicts_with_lists" time="0.002" /><testcase classname="tests.test_utils" name="test_deep_merge_dicts_complex" time="0.002" /><testcase classname="tests.test_utils" name="test_ensure_config_files_exist_missing_configs" time="0.005"><failure message="ModuleNotFoundError: No module named 'constants'">args = (), keywargs = {}

    @wraps(func)
    def patched(*args, **keywargs):
&gt;       with self.decoration_helper(patched,
                                    args,
                                    keywargs) as (newargs, newkeywargs):

C:\Python312\Lib\unittest\mock.py:1393: 
_ _ _ _ _ _ _ _ _ _ _ _ _ _ _ _ _ _ _ _ _ _ _ _ _ _ _ _ _ _ _ _ _ _ _ _ _ _ _ _ _ _ _ _ _ _ _ _ _ _ _ _ _ _ _ _ _ _ _ _ _ _ _ _ _ _ _ _ _ _ _ _ _ _ _ _ _ _ _ _ _ _ _ _ _ _ _ _ _ _ _ _ _ _ _ _ _ _ _ _ _ _ _ _ _ _ _ _ _ _ _ _ _ _ _ _ _ _ _ _ _ _ _ _ _ _ _ _ _ _ _ 
C:\Python312\Lib\contextlib.py:137: in __enter__
    return next(self.gen)
C:\Python312\Lib\unittest\mock.py:1375: in decoration_helper
    arg = exit_stack.enter_context(patching)
C:\Python312\Lib\contextlib.py:526: in enter_context
    result = _enter(cm)
C:\Python312\Lib\unittest\mock.py:1451: in __enter__
    self.target = self.getter()
C:\Python312\Lib\pkgutil.py:513: in resolve_name
    mod = importlib.import_module(modname)
_ _ _ _ _ _ _ _ _ _ _ _ _ _ _ _ _ _ _ _ _ _ _ _ _ _ _ _ _ _ _ _ _ _ _ _ _ _ _ _ _ _ _ _ _ _ _ _ _ _ _ _ _ _ _ _ _ _ _ _ _ _ _ _ _ _ _ _ _ _ _ _ _ _ _ _ _ _ _ _ _ _ _ _ _ _ _ _ _ _ _ _ _ _ _ _ _ _ _ _ _ _ _ _ _ _ _ _ _ _ _ _ _ _ _ _ _ _ _ _ _ _ _ _ _ _ _ _ _ _ _ 

name = 'constants', package = None

    def import_module(name, package=None):
        """Import a module.
    
        The 'package' argument is required when performing a relative import. It
        specifies the package to use as the anchor point from which to resolve the
        relative import to an absolute import.
    
        """
        level = 0
        if name.startswith('.'):
            if not package:
                raise TypeError("the 'package' argument is required to perform a "
                                f"relative import for {name!r}")
            for character in name:
                if character != '.':
                    break
                level += 1
&gt;       return _bootstrap._gcd_import(name[level:], package, level)
E       ModuleNotFoundError: No module named 'constants'

C:\Python312\Lib\importlib\__init__.py:90: ModuleNotFoundError</failure></testcase><testcase classname="tests.test_utils" name="test_ensure_config_files_exist_files_already_exist" time="0.004"><failure message="ModuleNotFoundError: No module named 'constants'">args = (), keywargs = {}

    @wraps(func)
    def patched(*args, **keywargs):
&gt;       with self.decoration_helper(patched,
                                    args,
                                    keywargs) as (newargs, newkeywargs):

C:\Python312\Lib\unittest\mock.py:1393: 
_ _ _ _ _ _ _ _ _ _ _ _ _ _ _ _ _ _ _ _ _ _ _ _ _ _ _ _ _ _ _ _ _ _ _ _ _ _ _ _ _ _ _ _ _ _ _ _ _ _ _ _ _ _ _ _ _ _ _ _ _ _ _ _ _ _ _ _ _ _ _ _ _ _ _ _ _ _ _ _ _ _ _ _ _ _ _ _ _ _ _ _ _ _ _ _ _ _ _ _ _ _ _ _ _ _ _ _ _ _ _ _ _ _ _ _ _ _ _ _ _ _ _ _ _ _ _ _ _ _ _ 
C:\Python312\Lib\contextlib.py:137: in __enter__
    return next(self.gen)
C:\Python312\Lib\unittest\mock.py:1375: in decoration_helper
    arg = exit_stack.enter_context(patching)
C:\Python312\Lib\contextlib.py:526: in enter_context
    result = _enter(cm)
C:\Python312\Lib\unittest\mock.py:1451: in __enter__
    self.target = self.getter()
C:\Python312\Lib\pkgutil.py:513: in resolve_name
    mod = importlib.import_module(modname)
_ _ _ _ _ _ _ _ _ _ _ _ _ _ _ _ _ _ _ _ _ _ _ _ _ _ _ _ _ _ _ _ _ _ _ _ _ _ _ _ _ _ _ _ _ _ _ _ _ _ _ _ _ _ _ _ _ _ _ _ _ _ _ _ _ _ _ _ _ _ _ _ _ _ _ _ _ _ _ _ _ _ _ _ _ _ _ _ _ _ _ _ _ _ _ _ _ _ _ _ _ _ _ _ _ _ _ _ _ _ _ _ _ _ _ _ _ _ _ _ _ _ _ _ _ _ _ _ _ _ _ 

name = 'constants', package = None

    def import_module(name, package=None):
        """Import a module.
    
        The 'package' argument is required when performing a relative import. It
        specifies the package to use as the anchor point from which to resolve the
        relative import to an absolute import.
    
        """
        level = 0
        if name.startswith('.'):
            if not package:
                raise TypeError("the 'package' argument is required to perform a "
                                f"relative import for {name!r}")
            for character in name:
                if character != '.':
                    break
                level += 1
&gt;       return _bootstrap._gcd_import(name[level:], package, level)
E       ModuleNotFoundError: No module named 'constants'

C:\Python312\Lib\importlib\__init__.py:90: ModuleNotFoundError</failure></testcase><testcase classname="tests.test_utils" name="test_ensure_config_files_exist_missing_examples" time="0.004"><failure message="ModuleNotFoundError: No module named 'constants'">args = (), keywargs = {}

    @wraps(func)
    def patched(*args, **keywargs):
&gt;       with self.decoration_helper(patched,
                                    args,
                                    keywargs) as (newargs, newkeywargs):

C:\Python312\Lib\unittest\mock.py:1393: 
_ _ _ _ _ _ _ _ _ _ _ _ _ _ _ _ _ _ _ _ _ _ _ _ _ _ _ _ _ _ _ _ _ _ _ _ _ _ _ _ _ _ _ _ _ _ _ _ _ _ _ _ _ _ _ _ _ _ _ _ _ _ _ _ _ _ _ _ _ _ _ _ _ _ _ _ _ _ _ _ _ _ _ _ _ _ _ _ _ _ _ _ _ _ _ _ _ _ _ _ _ _ _ _ _ _ _ _ _ _ _ _ _ _ _ _ _ _ _ _ _ _ _ _ _ _ _ _ _ _ _ 
C:\Python312\Lib\contextlib.py:137: in __enter__
    return next(self.gen)
C:\Python312\Lib\unittest\mock.py:1375: in decoration_helper
    arg = exit_stack.enter_context(patching)
C:\Python312\Lib\contextlib.py:526: in enter_context
    result = _enter(cm)
C:\Python312\Lib\unittest\mock.py:1451: in __enter__
    self.target = self.getter()
C:\Python312\Lib\pkgutil.py:513: in resolve_name
    mod = importlib.import_module(modname)
_ _ _ _ _ _ _ _ _ _ _ _ _ _ _ _ _ _ _ _ _ _ _ _ _ _ _ _ _ _ _ _ _ _ _ _ _ _ _ _ _ _ _ _ _ _ _ _ _ _ _ _ _ _ _ _ _ _ _ _ _ _ _ _ _ _ _ _ _ _ _ _ _ _ _ _ _ _ _ _ _ _ _ _ _ _ _ _ _ _ _ _ _ _ _ _ _ _ _ _ _ _ _ _ _ _ _ _ _ _ _ _ _ _ _ _ _ _ _ _ _ _ _ _ _ _ _ _ _ _ _ 

name = 'constants', package = None

    def import_module(name, package=None):
        """Import a module.
    
        The 'package' argument is required when performing a relative import. It
        specifies the package to use as the anchor point from which to resolve the
        relative import to an absolute import.
    
        """
        level = 0
        if name.startswith('.'):
            if not package:
                raise TypeError("the 'package' argument is required to perform a "
                                f"relative import for {name!r}")
            for character in name:
                if character != '.':
                    break
                level += 1
&gt;       return _bootstrap._gcd_import(name[level:], package, level)
E       ModuleNotFoundError: No module named 'constants'

C:\Python312\Lib\importlib\__init__.py:90: ModuleNotFoundError</failure></testcase><testcase classname="tests.test_utils" name="test_ensure_config_files_exist_error_handling" time="0.005"><failure message="ModuleNotFoundError: No module named 'constants'">args = (), keywargs = {}

    @wraps(func)
    def patched(*args, **keywargs):
&gt;       with self.decoration_helper(patched,
                                    args,
                                    keywargs) as (newargs, newkeywargs):

C:\Python312\Lib\unittest\mock.py:1393: 
_ _ _ _ _ _ _ _ _ _ _ _ _ _ _ _ _ _ _ _ _ _ _ _ _ _ _ _ _ _ _ _ _ _ _ _ _ _ _ _ _ _ _ _ _ _ _ _ _ _ _ _ _ _ _ _ _ _ _ _ _ _ _ _ _ _ _ _ _ _ _ _ _ _ _ _ _ _ _ _ _ _ _ _ _ _ _ _ _ _ _ _ _ _ _ _ _ _ _ _ _ _ _ _ _ _ _ _ _ _ _ _ _ _ _ _ _ _ _ _ _ _ _ _ _ _ _ _ _ _ _ 
C:\Python312\Lib\contextlib.py:137: in __enter__
    return next(self.gen)
C:\Python312\Lib\unittest\mock.py:1375: in decoration_helper
    arg = exit_stack.enter_context(patching)
C:\Python312\Lib\contextlib.py:526: in enter_context
    result = _enter(cm)
C:\Python312\Lib\unittest\mock.py:1451: in __enter__
    self.target = self.getter()
C:\Python312\Lib\pkgutil.py:513: in resolve_name
    mod = importlib.import_module(modname)
_ _ _ _ _ _ _ _ _ _ _ _ _ _ _ _ _ _ _ _ _ _ _ _ _ _ _ _ _ _ _ _ _ _ _ _ _ _ _ _ _ _ _ _ _ _ _ _ _ _ _ _ _ _ _ _ _ _ _ _ _ _ _ _ _ _ _ _ _ _ _ _ _ _ _ _ _ _ _ _ _ _ _ _ _ _ _ _ _ _ _ _ _ _ _ _ _ _ _ _ _ _ _ _ _ _ _ _ _ _ _ _ _ _ _ _ _ _ _ _ _ _ _ _ _ _ _ _ _ _ _ 

name = 'constants', package = None

    def import_module(name, package=None):
        """Import a module.
    
        The 'package' argument is required when performing a relative import. It
        specifies the package to use as the anchor point from which to resolve the
        relative import to an absolute import.
    
        """
        level = 0
        if name.startswith('.'):
            if not package:
                raise TypeError("the 'package' argument is required to perform a "
                                f"relative import for {name!r}")
            for character in name:
                if character != '.':
                    break
                level += 1
&gt;       return _bootstrap._gcd_import(name[level:], package, level)
E       ModuleNotFoundError: No module named 'constants'

C:\Python312\Lib\importlib\__init__.py:90: ModuleNotFoundError</failure></testcase></testsuite></testsuites>